# JRE version: Java(TM) SE Runtime Environment (8.0_191-b12) (build 1.8.0_191-b12)
# Java VM: Java HotSpot(TM) 64-Bit Server VM (25.191-b12 mixed mode windows-amd64 compressed oops)
Heap:
 PSYoungGen      total 429056K, used 35342K [0x00000000d5f00000, 0x00000000f0580000, 0x0000000100000000)
  eden space 425472K, 7% used [0x00000000d5f00000,0x00000000d8031b28,0x00000000efe80000)
  from space 3584K, 37% used [0x00000000f0200000,0x00000000f0352040,0x00000000f0580000)
  to   space 3584K, 0% used [0x00000000efe80000,0x00000000efe80000,0x00000000f0200000)
 ParOldGen       total 87552K, used 2220K [0x0000000081c00000, 0x0000000087180000, 0x00000000d5f00000)
  object space 87552K, 2% used [0x0000000081c00000,0x0000000081e2b318,0x0000000087180000)
 Metaspace       used 16385K, capacity 16532K, committed 16896K, reserved 1064960K
  class space    used 1416K, capacity 1484K, committed 1536K, reserved 1048576K
GC Heap History (10 events):
Event: 0.958 GC heap before
{Heap before GC invocations=6 (full 0):
 PSYoungGen      total 71680K, used 68711K [0x00000000d5f00000, 0x00000000de700000, 0x0000000100000000)
  eden space 66560K, 100% used [0x00000000d5f00000,0x00000000da000000,0x00000000da000000)
  from space 5120K, 42% used [0x00000000da000000,0x00000000da219fa0,0x00000000da500000)
  to   space 3072K, 0% used [0x00000000de400000,0x00000000de400000,0x00000000de700000)
 ParOldGen       total 87552K, used 40K [0x0000000081c00000, 0x0000000087180000, 0x00000000d5f00000)
  object space 87552K, 0% used [0x0000000081c00000,0x0000000081c0a000,0x0000000087180000)
 Metaspace       used 14273K, capacity 14484K, committed 14848K, reserved 1062912K
  class space    used 1165K, capacity 1228K, committed 1280K, reserved 1048576K
Event: 0.960 GC heap after
Heap after GC invocations=6 (full 0):
 PSYoungGen      total 136192K, used 2167K [0x00000000d5f00000, 0x00000000de700000, 0x0000000100000000)
  eden space 133120K, 0% used [0x00000000d5f00000,0x00000000d5f00000,0x00000000de100000)
  from space 3072K, 70% used [0x00000000de400000,0x00000000de61dfb0,0x00000000de700000)
  to   space 3072K, 0% used [0x00000000de100000,0x00000000de100000,0x00000000de400000)
 ParOldGen       total 87552K, used 48K [0x0000000081c00000, 0x0000000087180000, 0x00000000d5f00000)
  object space 87552K, 0% used [0x0000000081c00000,0x0000000081c0c000,0x0000000087180000)
 Metaspace       used 14273K, capacity 14484K, committed 14848K, reserved 1062912K
  class space    used 1165K, capacity 1228K, committed 1280K, reserved 1048576K
}
Event: 1.150 GC heap before
{Heap before GC invocations=7 (full 0):
 PSYoungGen      total 136192K, used 135287K [0x00000000d5f00000, 0x00000000de700000, 0x0000000100000000)
  eden space 133120K, 100% used [0x00000000d5f00000,0x00000000de100000,0x00000000de100000)
  from space 3072K, 70% used [0x00000000de400000,0x00000000de61dfb0,0x00000000de700000)
  to   space 3072K, 0% used [0x00000000de100000,0x00000000de100000,0x00000000de400000)
 ParOldGen       total 87552K, used 48K [0x0000000081c00000, 0x0000000087180000, 0x00000000d5f00000)
  object space 87552K, 0% used [0x0000000081c00000,0x0000000081c0c000,0x0000000087180000)
 Metaspace       used 14275K, capacity 14484K, committed 14848K, reserved 1062912K
  class space    used 1165K, capacity 1228K, committed 1280K, reserved 1048576K
Event: 1.152 GC heap after
Heap after GC invocations=7 (full 0):
 PSYoungGen      total 136192K, used 224K [0x00000000d5f00000, 0x00000000e6900000, 0x0000000100000000)
  eden space 133120K, 0% used [0x00000000d5f00000,0x00000000d5f00000,0x00000000de100000)
  from space 3072K, 7% used [0x00000000de100000,0x00000000de138000,0x00000000de400000)
  to   space 3072K, 0% used [0x00000000e6600000,0x00000000e6600000,0x00000000e6900000)
 ParOldGen       total 87552K, used 2028K [0x0000000081c00000, 0x0000000087180000, 0x00000000d5f00000)
  object space 87552K, 2% used [0x0000000081c00000,0x0000000081dfb318,0x0000000087180000)
 Metaspace       used 14275K, capacity 14484K, committed 14848K, reserved 1062912K
  class space    used 1165K, capacity 1228K, committed 1280K, reserved 1048576K
}
Event: 1.286 GC heap before
{Heap before GC invocations=8 (full 0):
 PSYoungGen      total 136192K, used 133344K [0x00000000d5f00000, 0x00000000e6900000, 0x0000000100000000)
  eden space 133120K, 100% used [0x00000000d5f00000,0x00000000de100000,0x00000000de100000)
  from space 3072K, 7% used [0x00000000de100000,0x00000000de138000,0x00000000de400000)
  to   space 3072K, 0% used [0x00000000e6600000,0x00000000e6600000,0x00000000e6900000)
 ParOldGen       total 87552K, used 2028K [0x0000000081c00000, 0x0000000087180000, 0x00000000d5f00000)
  object space 87552K, 2% used [0x0000000081c00000,0x0000000081dfb318,0x0000000087180000)
 Metaspace       used 14275K, capacity 14484K, committed 14848K, reserved 1062912K
  class space    used 1165K, capacity 1228K, committed 1280K, reserved 1048576K
Event: 1.286 GC heap after
Heap after GC invocations=8 (full 0):
 PSYoungGen      total 268800K, used 128K [0x00000000d5f00000, 0x00000000e6a00000, 0x0000000100000000)
  eden space 265728K, 0% used [0x00000000d5f00000,0x00000000d5f00000,0x00000000e6280000)
  from space 3072K, 4% used [0x00000000e6600000,0x00000000e6620000,0x00000000e6900000)
  to   space 3584K, 0% used [0x00000000e6280000,0x00000000e6280000,0x00000000e6600000)
 ParOldGen       total 87552K, used 2172K [0x0000000081c00000, 0x0000000087180000, 0x00000000d5f00000)
  object space 87552K, 2% used [0x0000000081c00000,0x0000000081e1f318,0x0000000087180000)
 Metaspace       used 14275K, capacity 14484K, committed 14848K, reserved 1062912K
  class space    used 1165K, capacity 1228K, committed 1280K, reserved 1048576K
}
Event: 1.568 GC heap before
{Heap before GC invocations=9 (full 0):
 PSYoungGen      total 268800K, used 265856K [0x00000000d5f00000, 0x00000000e6a00000, 0x0000000100000000)
  eden space 265728K, 100% used [0x00000000d5f00000,0x00000000e6280000,0x00000000e6280000)
  from space 3072K, 4% used [0x00000000e6600000,0x00000000e6620000,0x00000000e6900000)
  to   space 3584K, 0% used [0x00000000e6280000,0x00000000e6280000,0x00000000e6600000)
 ParOldGen       total 87552K, used 2172K [0x0000000081c00000, 0x0000000087180000, 0x00000000d5f00000)
  object space 87552K, 2% used [0x0000000081c00000,0x0000000081e1f318,0x0000000087180000)
 Metaspace       used 14276K, capacity 14484K, committed 14848K, reserved 1062912K
  class space    used 1165K, capacity 1228K, committed 1280K, reserved 1048576K
Event: 1.568 GC heap after
Heap after GC invocations=9 (full 0):
 PSYoungGen      total 269312K, used 64K [0x00000000d5f00000, 0x00000000f0580000, 0x0000000100000000)
  eden space 265728K, 0% used [0x00000000d5f00000,0x00000000d5f00000,0x00000000e6280000)
  from space 3584K, 1% used [0x00000000e6280000,0x00000000e6290000,0x00000000e6600000)
  to   space 3584K, 0% used [0x00000000f0200000,0x00000000f0200000,0x00000000f0580000)
 ParOldGen       total 87552K, used 2204K [0x0000000081c00000, 0x0000000087180000, 0x00000000d5f00000)
  object space 87552K, 2% used [0x0000000081c00000,0x0000000081e27318,0x0000000087180000)
 Metaspace       used 14276K, capacity 14484K, committed 14848K, reserved 1062912K
  class space    used 1165K, capacity 1228K, committed 1280K, reserved 1048576K
}
Event: 2.231 GC heap before
{Heap before GC invocations=10 (full 0):
 PSYoungGen      total 269312K, used 265792K [0x00000000d5f00000, 0x00000000f0580000, 0x0000000100000000)
  eden space 265728K, 100% used [0x00000000d5f00000,0x00000000e6280000,0x00000000e6280000)
  from space 3584K, 1% used [0x00000000e6280000,0x00000000e6290000,0x00000000e6600000)
  to   space 3584K, 0% used [0x00000000f0200000,0x00000000f0200000,0x00000000f0580000)
 ParOldGen       total 87552K, used 2204K [0x0000000081c00000, 0x0000000087180000, 0x00000000d5f00000)
  object space 87552K, 2% used [0x0000000081c00000,0x0000000081e27318,0x0000000087180000)
 Metaspace       used 16355K, capacity 16532K, committed 16896K, reserved 1064960K
  class space    used 1413K, capacity 1484K, committed 1536K, reserved 1048576K
Event: 2.232 GC heap after
Heap after GC invocations=10 (full 0):
 PSYoungGen      total 429056K, used 1352K [0x00000000d5f00000, 0x00000000f0580000, 0x0000000100000000)
  eden space 425472K, 0% used [0x00000000d5f00000,0x00000000d5f00000,0x00000000efe80000)
  from space 3584K, 37% used [0x00000000f0200000,0x00000000f0352040,0x00000000f0580000)
  to   space 3584K, 0% used [0x00000000efe80000,0x00000000efe80000,0x00000000f0200000)
 ParOldGen       total 87552K, used 2220K [0x0000000081c00000, 0x0000000087180000, 0x00000000d5f00000)
  object space 87552K, 2% used [0x0000000081c00000,0x0000000081e2b318,0x0000000087180000)
 Metaspace       used 16355K, capacity 16532K, committed 16896K, reserved 1064960K
  class space    used 1413K, capacity 1484K, committed 1536K, reserved 1048576K
}

