# JRE version: Java(TM) SE Runtime Environment (8.0_191-b12) (build 1.8.0_191-b12)
# Java VM: Java HotSpot(TM) 64-Bit Server VM (25.191-b12 mixed mode windows-amd64 compressed oops)
Heap:
 PSYoungGen      total 269312K, used 70379K [0x000000076cb00000, 0x000000077d500000, 0x00000007c0000000)
  eden space 266240K, 26% used [0x000000076cb00000,0x0000000770f9ad68,0x000000077cf00000)
  from space 3072K, 4% used [0x000000077cf00000,0x000000077cf20000,0x000000077d200000)
  to   space 3072K, 0% used [0x000000077d200000,0x000000077d200000,0x000000077d500000)
 ParOldGen       total 87552K, used 2092K [0x00000006c6000000, 0x00000006cb580000, 0x000000076cb00000)
  object space 87552K, 2% used [0x00000006c6000000,0x00000006c620b378,0x00000006cb580000)
 Metaspace       used 16439K, capacity 16596K, committed 16896K, reserved 1064960K
  class space    used 1422K, capacity 1484K, committed 1536K, reserved 1048576K
GC Heap History (10 events):
Event: 0.859 GC heap before
{Heap before GC invocations=5 (full 0):
 PSYoungGen      total 71680K, used 68624K [0x000000076cb00000, 0x0000000771600000, 0x00000007c0000000)
  eden space 66560K, 100% used [0x000000076cb00000,0x0000000770c00000,0x0000000770c00000)
  from space 5120K, 40% used [0x0000000771100000,0x0000000771304010,0x0000000771600000)
  to   space 5120K, 0% used [0x0000000770c00000,0x0000000770c00000,0x0000000771100000)
 ParOldGen       total 87552K, used 40K [0x00000006c6000000, 0x00000006cb580000, 0x000000076cb00000)
  object space 87552K, 0% used [0x00000006c6000000,0x00000006c600a000,0x00000006cb580000)
 Metaspace       used 14261K, capacity 14420K, committed 14592K, reserved 1062912K
  class space    used 1157K, capacity 1228K, committed 1280K, reserved 1048576K
Event: 0.862 GC heap after
Heap after GC invocations=5 (full 0):
 PSYoungGen      total 71680K, used 2048K [0x000000076cb00000, 0x0000000775200000, 0x00000007c0000000)
  eden space 66560K, 0% used [0x000000076cb00000,0x000000076cb00000,0x0000000770c00000)
  from space 5120K, 40% used [0x0000000770c00000,0x0000000770e00020,0x0000000771100000)
  to   space 2560K, 0% used [0x0000000774f80000,0x0000000774f80000,0x0000000775200000)
 ParOldGen       total 87552K, used 40K [0x00000006c6000000, 0x00000006cb580000, 0x000000076cb00000)
  object space 87552K, 0% used [0x00000006c6000000,0x00000006c600a000,0x00000006cb580000)
 Metaspace       used 14261K, capacity 14420K, committed 14592K, reserved 1062912K
  class space    used 1157K, capacity 1228K, committed 1280K, reserved 1048576K
}
Event: 0.928 GC heap before
{Heap before GC invocations=6 (full 0):
 PSYoungGen      total 71680K, used 68608K [0x000000076cb00000, 0x0000000775200000, 0x00000007c0000000)
  eden space 66560K, 100% used [0x000000076cb00000,0x0000000770c00000,0x0000000770c00000)
  from space 5120K, 40% used [0x0000000770c00000,0x0000000770e00020,0x0000000771100000)
  to   space 2560K, 0% used [0x0000000774f80000,0x0000000774f80000,0x0000000775200000)
 ParOldGen       total 87552K, used 40K [0x00000006c6000000, 0x00000006cb580000, 0x000000076cb00000)
  object space 87552K, 0% used [0x00000006c6000000,0x00000006c600a000,0x00000006cb580000)
 Metaspace       used 14262K, capacity 14420K, committed 14592K, reserved 1062912K
  class space    used 1157K, capacity 1228K, committed 1280K, reserved 1048576K
Event: 0.952 GC heap after
Heap after GC invocations=6 (full 0):
 PSYoungGen      total 135680K, used 2032K [0x000000076cb00000, 0x0000000775200000, 0x00000007c0000000)
  eden space 133120K, 0% used [0x000000076cb00000,0x000000076cb00000,0x0000000774d00000)
  from space 2560K, 79% used [0x0000000774f80000,0x000000077517c010,0x0000000775200000)
  to   space 2560K, 0% used [0x0000000774d00000,0x0000000774d00000,0x0000000774f80000)
 ParOldGen       total 87552K, used 40K [0x00000006c6000000, 0x00000006cb580000, 0x000000076cb00000)
  object space 87552K, 0% used [0x00000006c6000000,0x00000006c600a000,0x00000006cb580000)
 Metaspace       used 14262K, capacity 14420K, committed 14592K, reserved 1062912K
  class space    used 1157K, capacity 1228K, committed 1280K, reserved 1048576K
}
Event: 1.102 GC heap before
{Heap before GC invocations=7 (full 0):
 PSYoungGen      total 135680K, used 135152K [0x000000076cb00000, 0x0000000775200000, 0x00000007c0000000)
  eden space 133120K, 100% used [0x000000076cb00000,0x0000000774d00000,0x0000000774d00000)
  from space 2560K, 79% used [0x0000000774f80000,0x000000077517c010,0x0000000775200000)
  to   space 2560K, 0% used [0x0000000774d00000,0x0000000774d00000,0x0000000774f80000)
 ParOldGen       total 87552K, used 40K [0x00000006c6000000, 0x00000006cb580000, 0x000000076cb00000)
  object space 87552K, 0% used [0x00000006c6000000,0x00000006c600a000,0x00000006cb580000)
 Metaspace       used 14262K, capacity 14420K, committed 14592K, reserved 1062912K
  class space    used 1157K, capacity 1228K, committed 1280K, reserved 1048576K
Event: 1.104 GC heap after
Heap after GC invocations=7 (full 0):
 PSYoungGen      total 135680K, used 224K [0x000000076cb00000, 0x000000077d500000, 0x00000007c0000000)
  eden space 133120K, 0% used [0x000000076cb00000,0x000000076cb00000,0x0000000774d00000)
  from space 2560K, 8% used [0x0000000774d00000,0x0000000774d38000,0x0000000774f80000)
  to   space 3072K, 0% used [0x000000077d200000,0x000000077d200000,0x000000077d500000)
 ParOldGen       total 87552K, used 1892K [0x00000006c6000000, 0x00000006cb580000, 0x000000076cb00000)
  object space 87552K, 2% used [0x00000006c6000000,0x00000006c61d9378,0x00000006cb580000)
 Metaspace       used 14262K, capacity 14420K, committed 14592K, reserved 1062912K
  class space    used 1157K, capacity 1228K, committed 1280K, reserved 1048576K
}
Event: 1.227 GC heap before
{Heap before GC invocations=8 (full 0):
 PSYoungGen      total 135680K, used 133344K [0x000000076cb00000, 0x000000077d500000, 0x00000007c0000000)
  eden space 133120K, 100% used [0x000000076cb00000,0x0000000774d00000,0x0000000774d00000)
  from space 2560K, 8% used [0x0000000774d00000,0x0000000774d38000,0x0000000774f80000)
  to   space 3072K, 0% used [0x000000077d200000,0x000000077d200000,0x000000077d500000)
 ParOldGen       total 87552K, used 1892K [0x00000006c6000000, 0x00000006cb580000, 0x000000076cb00000)
  object space 87552K, 2% used [0x00000006c6000000,0x00000006c61d9378,0x00000006cb580000)
 Metaspace       used 14263K, capacity 14484K, committed 14848K, reserved 1062912K
  class space    used 1157K, capacity 1228K, committed 1280K, reserved 1048576K
Event: 1.227 GC heap after
Heap after GC invocations=8 (full 0):
 PSYoungGen      total 269312K, used 64K [0x000000076cb00000, 0x000000077d500000, 0x00000007c0000000)
  eden space 266240K, 0% used [0x000000076cb00000,0x000000076cb00000,0x000000077cf00000)
  from space 3072K, 2% used [0x000000077d200000,0x000000077d210000,0x000000077d500000)
  to   space 3072K, 0% used [0x000000077cf00000,0x000000077cf00000,0x000000077d200000)
 ParOldGen       total 87552K, used 2084K [0x00000006c6000000, 0x00000006cb580000, 0x000000076cb00000)
  object space 87552K, 2% used [0x00000006c6000000,0x00000006c6209378,0x00000006cb580000)
 Metaspace       used 14263K, capacity 14484K, committed 14848K, reserved 1062912K
  class space    used 1157K, capacity 1228K, committed 1280K, reserved 1048576K
}
Event: 1.541 GC heap before
{Heap before GC invocations=9 (full 0):
 PSYoungGen      total 269312K, used 266304K [0x000000076cb00000, 0x000000077d500000, 0x00000007c0000000)
  eden space 266240K, 100% used [0x000000076cb00000,0x000000077cf00000,0x000000077cf00000)
  from space 3072K, 2% used [0x000000077d200000,0x000000077d210000,0x000000077d500000)
  to   space 3072K, 0% used [0x000000077cf00000,0x000000077cf00000,0x000000077d200000)
 ParOldGen       total 87552K, used 2084K [0x00000006c6000000, 0x00000006cb580000, 0x000000076cb00000)
  object space 87552K, 2% used [0x00000006c6000000,0x00000006c6209378,0x00000006cb580000)
 Metaspace       used 14288K, capacity 14484K, committed 14848K, reserved 1062912K
  class space    used 1158K, capacity 1228K, committed 1280K, reserved 1048576K
Event: 1.542 GC heap after
Heap after GC invocations=9 (full 0):
 PSYoungGen      total 269312K, used 128K [0x000000076cb00000, 0x000000077d500000, 0x00000007c0000000)
  eden space 266240K, 0% used [0x000000076cb00000,0x000000076cb00000,0x000000077cf00000)
  from space 3072K, 4% used [0x000000077cf00000,0x000000077cf20000,0x000000077d200000)
  to   space 3072K, 0% used [0x000000077d200000,0x000000077d200000,0x000000077d500000)
 ParOldGen       total 87552K, used 2092K [0x00000006c6000000, 0x00000006cb580000, 0x000000076cb00000)
  object space 87552K, 2% used [0x00000006c6000000,0x00000006c620b378,0x00000006cb580000)
 Metaspace       used 14288K, capacity 14484K, committed 14848K, reserved 1062912K
  class space    used 1158K, capacity 1228K, committed 1280K, reserved 1048576K
}

