# JRE version: Java(TM) SE Runtime Environment (8.0_211-b12) (build 1.8.0_211-b12)
# Java VM: Java HotSpot(TM) Client VM (25.211-b12 mixed mode windows-x86 )
Heap:
 def new generation   total 4992K, used 1349K [0x04a00000, 0x04f60000, 0x09f50000)
  eden space 4480K,  28% used [0x04a00000, 0x04b39c20, 0x04e60000)
  from space 512K,  18% used [0x04ee0000, 0x04ef7960, 0x04f60000)
  to   space 512K,   0% used [0x04e60000, 0x04e60000, 0x04ee0000)
 tenured generation   total 10944K, used 4707K [0x09f50000, 0x0aa00000, 0x14a00000)
   the space 10944K,  43% used [0x09f50000, 0x0a3e8c00, 0x0a3e8c00, 0x0aa00000)
 Metaspace       used 11162K, capacity 11368K, committed 11520K, reserved 11648K
GC Heap History (10 events):
Event: 3.734 GC heap before
{Heap before GC invocations=37 (full 0):
 def new generation   total 4992K, used 4506K [0x04a00000, 0x04f60000, 0x09f50000)
  eden space 4480K, 100% used [0x04a00000, 0x04e60000, 0x04e60000)
  from space 512K,   5% used [0x04e60000, 0x04e66a58, 0x04ee0000)
  to   space 512K,   0% used [0x04ee0000, 0x04ee0000, 0x04f60000)
 tenured generation   total 10944K, used 4707K [0x09f50000, 0x0aa00000, 0x14a00000)
   the space 10944K,  43% used [0x09f50000, 0x0a3e8c00, 0x0a3e8c00, 0x0aa00000)
 Metaspace       used 11048K, capacity 11240K, committed 11392K, reserved 11648K
Event: 3.736 GC heap after
Heap after GC invocations=38 (full 0):
 def new generation   total 4992K, used 122K [0x04a00000, 0x04f60000, 0x09f50000)
  eden space 4480K,   0% used [0x04a00000, 0x04a00000, 0x04e60000)
  from space 512K,  23% used [0x04ee0000, 0x04efe960, 0x04f60000)
  to   space 512K,   0% used [0x04e60000, 0x04e60000, 0x04ee0000)
 tenured generation   total 10944K, used 4707K [0x09f50000, 0x0aa00000, 0x14a00000)
   the space 10944K,  43% used [0x09f50000, 0x0a3e8c00, 0x0a3e8c00, 0x0aa00000)
 Metaspace       used 11048K, capacity 11240K, committed 11392K, reserved 11648K
}
Event: 3.921 GC heap before
{Heap before GC invocations=38 (full 0):
 def new generation   total 4992K, used 4602K [0x04a00000, 0x04f60000, 0x09f50000)
  eden space 4480K, 100% used [0x04a00000, 0x04e60000, 0x04e60000)
  from space 512K,  23% used [0x04ee0000, 0x04efe960, 0x04f60000)
  to   space 512K,   0% used [0x04e60000, 0x04e60000, 0x04ee0000)
 tenured generation   total 10944K, used 4707K [0x09f50000, 0x0aa00000, 0x14a00000)
   the space 10944K,  43% used [0x09f50000, 0x0a3e8c00, 0x0a3e8c00, 0x0aa00000)
 Metaspace       used 11133K, capacity 11336K, committed 11392K, reserved 11648K
Event: 3.922 GC heap after
Heap after GC invocations=39 (full 0):
 def new generation   total 4992K, used 149K [0x04a00000, 0x04f60000, 0x09f50000)
  eden space 4480K,   0% used [0x04a00000, 0x04a00000, 0x04e60000)
  from space 512K,  29% used [0x04e60000, 0x04e85450, 0x04ee0000)
  to   space 512K,   0% used [0x04ee0000, 0x04ee0000, 0x04f60000)
 tenured generation   total 10944K, used 4707K [0x09f50000, 0x0aa00000, 0x14a00000)
   the space 10944K,  43% used [0x09f50000, 0x0a3e8c00, 0x0a3e8c00, 0x0aa00000)
 Metaspace       used 11133K, capacity 11336K, committed 11392K, reserved 11648K
}
Event: 4.045 GC heap before
{Heap before GC invocations=39 (full 0):
 def new generation   total 4992K, used 4629K [0x04a00000, 0x04f60000, 0x09f50000)
  eden space 4480K, 100% used [0x04a00000, 0x04e60000, 0x04e60000)
  from space 512K,  29% used [0x04e60000, 0x04e85450, 0x04ee0000)
  to   space 512K,   0% used [0x04ee0000, 0x04ee0000, 0x04f60000)
 tenured generation   total 10944K, used 4707K [0x09f50000, 0x0aa00000, 0x14a00000)
   the space 10944K,  43% used [0x09f50000, 0x0a3e8c00, 0x0a3e8c00, 0x0aa00000)
 Metaspace       used 11141K, capacity 11336K, committed 11392K, reserved 11648K
Event: 4.046 GC heap after
Heap after GC invocations=40 (full 0):
 def new generation   total 4992K, used 92K [0x04a00000, 0x04f60000, 0x09f50000)
  eden space 4480K,   0% used [0x04a00000, 0x04a00000, 0x04e60000)
  from space 512K,  17% used [0x04ee0000, 0x04ef7020, 0x04f60000)
  to   space 512K,   0% used [0x04e60000, 0x04e60000, 0x04ee0000)
 tenured generation   total 10944K, used 4707K [0x09f50000, 0x0aa00000, 0x14a00000)
   the space 10944K,  43% used [0x09f50000, 0x0a3e8c00, 0x0a3e8c00, 0x0aa00000)
 Metaspace       used 11141K, capacity 11336K, committed 11392K, reserved 11648K
}
Event: 4.246 GC heap before
{Heap before GC invocations=40 (full 0):
 def new generation   total 4992K, used 4572K [0x04a00000, 0x04f60000, 0x09f50000)
  eden space 4480K, 100% used [0x04a00000, 0x04e60000, 0x04e60000)
  from space 512K,  17% used [0x04ee0000, 0x04ef7020, 0x04f60000)
  to   space 512K,   0% used [0x04e60000, 0x04e60000, 0x04ee0000)
 tenured generation   total 10944K, used 4707K [0x09f50000, 0x0aa00000, 0x14a00000)
   the space 10944K,  43% used [0x09f50000, 0x0a3e8c00, 0x0a3e8c00, 0x0aa00000)
 Metaspace       used 11141K, capacity 11336K, committed 11392K, reserved 11648K
Event: 4.247 GC heap after
Heap after GC invocations=41 (full 0):
 def new generation   total 4992K, used 76K [0x04a00000, 0x04f60000, 0x09f50000)
  eden space 4480K,   0% used [0x04a00000, 0x04a00000, 0x04e60000)
  from space 512K,  15% used [0x04e60000, 0x04e733b0, 0x04ee0000)
  to   space 512K,   0% used [0x04ee0000, 0x04ee0000, 0x04f60000)
 tenured generation   total 10944K, used 4707K [0x09f50000, 0x0aa00000, 0x14a00000)
   the space 10944K,  43% used [0x09f50000, 0x0a3e8c00, 0x0a3e8c00, 0x0aa00000)
 Metaspace       used 11141K, capacity 11336K, committed 11392K, reserved 11648K
}
Event: 4.358 GC heap before
{Heap before GC invocations=41 (full 0):
 def new generation   total 4992K, used 4556K [0x04a00000, 0x04f60000, 0x09f50000)
  eden space 4480K, 100% used [0x04a00000, 0x04e60000, 0x04e60000)
  from space 512K,  15% used [0x04e60000, 0x04e733b0, 0x04ee0000)
  to   space 512K,   0% used [0x04ee0000, 0x04ee0000, 0x04f60000)
 tenured generation   total 10944K, used 4707K [0x09f50000, 0x0aa00000, 0x14a00000)
   the space 10944K,  43% used [0x09f50000, 0x0a3e8c00, 0x0a3e8c00, 0x0aa00000)
 Metaspace       used 11162K, capacity 11368K, committed 11520K, reserved 11648K
Event: 4.359 GC heap after
Heap after GC invocations=42 (full 0):
 def new generation   total 4992K, used 94K [0x04a00000, 0x04f60000, 0x09f50000)
  eden space 4480K,   0% used [0x04a00000, 0x04a00000, 0x04e60000)
  from space 512K,  18% used [0x04ee0000, 0x04ef7960, 0x04f60000)
  to   space 512K,   0% used [0x04e60000, 0x04e60000, 0x04ee0000)
 tenured generation   total 10944K, used 4707K [0x09f50000, 0x0aa00000, 0x14a00000)
   the space 10944K,  43% used [0x09f50000, 0x0a3e8c00, 0x0a3e8c00, 0x0aa00000)
 Metaspace       used 11162K, capacity 11368K, committed 11520K, reserved 11648K
}

