# JRE version: Java(TM) SE Runtime Environment (8.0_191-b12) (build 1.8.0_191-b12)
# Java VM: Java HotSpot(TM) 64-Bit Server VM (25.191-b12 mixed mode windows-amd64 compressed oops)
Heap:
 PSYoungGen      total 429056K, used 89767K [0x00000000d5f00000, 0x00000000f0580000, 0x0000000100000000)
  eden space 425472K, 20% used [0x00000000d5f00000,0x00000000db55bec0,0x00000000efe80000)
  from space 3584K, 37% used [0x00000000f0200000,0x00000000f034df80,0x00000000f0580000)
  to   space 3584K, 0% used [0x00000000efe80000,0x00000000efe80000,0x00000000f0200000)
 ParOldGen       total 87552K, used 2228K [0x0000000081c00000, 0x0000000087180000, 0x00000000d5f00000)
  object space 87552K, 2% used [0x0000000081c00000,0x0000000081e2d000,0x0000000087180000)
 Metaspace       used 16618K, capacity 16756K, committed 16896K, reserved 1064960K
  class space    used 1447K, capacity 1516K, committed 1536K, reserved 1048576K
GC Heap History (10 events):
Event: 0.969 GC heap before
{Heap before GC invocations=6 (full 0):
 PSYoungGen      total 71680K, used 68743K [0x00000000d5f00000, 0x00000000de700000, 0x0000000100000000)
  eden space 66560K, 100% used [0x00000000d5f00000,0x00000000da000000,0x00000000da000000)
  from space 5120K, 42% used [0x00000000da000000,0x00000000da221fa0,0x00000000da500000)
  to   space 3072K, 0% used [0x00000000de400000,0x00000000de400000,0x00000000de700000)
 ParOldGen       total 87552K, used 48K [0x0000000081c00000, 0x0000000087180000, 0x00000000d5f00000)
  object space 87552K, 0% used [0x0000000081c00000,0x0000000081c0c000,0x0000000087180000)
 Metaspace       used 14281K, capacity 14484K, committed 14848K, reserved 1062912K
  class space    used 1165K, capacity 1228K, committed 1280K, reserved 1048576K
Event: 0.972 GC heap after
Heap after GC invocations=6 (full 0):
 PSYoungGen      total 136192K, used 2135K [0x00000000d5f00000, 0x00000000de700000, 0x0000000100000000)
  eden space 133120K, 0% used [0x00000000d5f00000,0x00000000d5f00000,0x00000000de100000)
  from space 3072K, 69% used [0x00000000de400000,0x00000000de615fb0,0x00000000de700000)
  to   space 3072K, 0% used [0x00000000de100000,0x00000000de100000,0x00000000de400000)
 ParOldGen       total 87552K, used 56K [0x0000000081c00000, 0x0000000087180000, 0x00000000d5f00000)
  object space 87552K, 0% used [0x0000000081c00000,0x0000000081c0e000,0x0000000087180000)
 Metaspace       used 14281K, capacity 14484K, committed 14848K, reserved 1062912K
  class space    used 1165K, capacity 1228K, committed 1280K, reserved 1048576K
}
Event: 1.130 GC heap before
{Heap before GC invocations=7 (full 0):
 PSYoungGen      total 136192K, used 135255K [0x00000000d5f00000, 0x00000000de700000, 0x0000000100000000)
  eden space 133120K, 100% used [0x00000000d5f00000,0x00000000de100000,0x00000000de100000)
  from space 3072K, 69% used [0x00000000de400000,0x00000000de615fb0,0x00000000de700000)
  to   space 3072K, 0% used [0x00000000de100000,0x00000000de100000,0x00000000de400000)
 ParOldGen       total 87552K, used 56K [0x0000000081c00000, 0x0000000087180000, 0x00000000d5f00000)
  object space 87552K, 0% used [0x0000000081c00000,0x0000000081c0e000,0x0000000087180000)
 Metaspace       used 14283K, capacity 14484K, committed 14848K, reserved 1062912K
  class space    used 1165K, capacity 1228K, committed 1280K, reserved 1048576K
Event: 1.133 GC heap after
Heap after GC invocations=7 (full 0):
 PSYoungGen      total 136192K, used 160K [0x00000000d5f00000, 0x00000000e6900000, 0x0000000100000000)
  eden space 133120K, 0% used [0x00000000d5f00000,0x00000000d5f00000,0x00000000de100000)
  from space 3072K, 5% used [0x00000000de100000,0x00000000de128000,0x00000000de400000)
  to   space 3072K, 0% used [0x00000000e6600000,0x00000000e6600000,0x00000000e6900000)
 ParOldGen       total 87552K, used 2028K [0x0000000081c00000, 0x0000000087180000, 0x00000000d5f00000)
  object space 87552K, 2% used [0x0000000081c00000,0x0000000081dfb000,0x0000000087180000)
 Metaspace       used 14283K, capacity 14484K, committed 14848K, reserved 1062912K
  class space    used 1165K, capacity 1228K, committed 1280K, reserved 1048576K
}
Event: 1.272 GC heap before
{Heap before GC invocations=8 (full 0):
 PSYoungGen      total 136192K, used 133280K [0x00000000d5f00000, 0x00000000e6900000, 0x0000000100000000)
  eden space 133120K, 100% used [0x00000000d5f00000,0x00000000de100000,0x00000000de100000)
  from space 3072K, 5% used [0x00000000de100000,0x00000000de128000,0x00000000de400000)
  to   space 3072K, 0% used [0x00000000e6600000,0x00000000e6600000,0x00000000e6900000)
 ParOldGen       total 87552K, used 2028K [0x0000000081c00000, 0x0000000087180000, 0x00000000d5f00000)
  object space 87552K, 2% used [0x0000000081c00000,0x0000000081dfb000,0x0000000087180000)
 Metaspace       used 14283K, capacity 14484K, committed 14848K, reserved 1062912K
  class space    used 1165K, capacity 1228K, committed 1280K, reserved 1048576K
Event: 1.273 GC heap after
Heap after GC invocations=8 (full 0):
 PSYoungGen      total 268800K, used 96K [0x00000000d5f00000, 0x00000000e6a00000, 0x0000000100000000)
  eden space 265728K, 0% used [0x00000000d5f00000,0x00000000d5f00000,0x00000000e6280000)
  from space 3072K, 3% used [0x00000000e6600000,0x00000000e6618000,0x00000000e6900000)
  to   space 3584K, 0% used [0x00000000e6280000,0x00000000e6280000,0x00000000e6600000)
 ParOldGen       total 87552K, used 2172K [0x0000000081c00000, 0x0000000087180000, 0x00000000d5f00000)
  object space 87552K, 2% used [0x0000000081c00000,0x0000000081e1f000,0x0000000087180000)
 Metaspace       used 14283K, capacity 14484K, committed 14848K, reserved 1062912K
  class space    used 1165K, capacity 1228K, committed 1280K, reserved 1048576K
}
Event: 1.562 GC heap before
{Heap before GC invocations=9 (full 0):
 PSYoungGen      total 268800K, used 265824K [0x00000000d5f00000, 0x00000000e6a00000, 0x0000000100000000)
  eden space 265728K, 100% used [0x00000000d5f00000,0x00000000e6280000,0x00000000e6280000)
  from space 3072K, 3% used [0x00000000e6600000,0x00000000e6618000,0x00000000e6900000)
  to   space 3584K, 0% used [0x00000000e6280000,0x00000000e6280000,0x00000000e6600000)
 ParOldGen       total 87552K, used 2172K [0x0000000081c00000, 0x0000000087180000, 0x00000000d5f00000)
  object space 87552K, 2% used [0x0000000081c00000,0x0000000081e1f000,0x0000000087180000)
 Metaspace       used 14284K, capacity 14484K, committed 14848K, reserved 1062912K
  class space    used 1165K, capacity 1228K, committed 1280K, reserved 1048576K
Event: 1.562 GC heap after
Heap after GC invocations=9 (full 0):
 PSYoungGen      total 269312K, used 32K [0x00000000d5f00000, 0x00000000f0580000, 0x0000000100000000)
  eden space 265728K, 0% used [0x00000000d5f00000,0x00000000d5f00000,0x00000000e6280000)
  from space 3584K, 0% used [0x00000000e6280000,0x00000000e6288000,0x00000000e6600000)
  to   space 3584K, 0% used [0x00000000f0200000,0x00000000f0200000,0x00000000f0580000)
 ParOldGen       total 87552K, used 2204K [0x0000000081c00000, 0x0000000087180000, 0x00000000d5f00000)
  object space 87552K, 2% used [0x0000000081c00000,0x0000000081e27000,0x0000000087180000)
 Metaspace       used 14284K, capacity 14484K, committed 14848K, reserved 1062912K
  class space    used 1165K, capacity 1228K, committed 1280K, reserved 1048576K
}
Event: 2.225 GC heap before
{Heap before GC invocations=10 (full 0):
 PSYoungGen      total 269312K, used 265760K [0x00000000d5f00000, 0x00000000f0580000, 0x0000000100000000)
  eden space 265728K, 100% used [0x00000000d5f00000,0x00000000e6280000,0x00000000e6280000)
  from space 3584K, 0% used [0x00000000e6280000,0x00000000e6288000,0x00000000e6600000)
  to   space 3584K, 0% used [0x00000000f0200000,0x00000000f0200000,0x00000000f0580000)
 ParOldGen       total 87552K, used 2204K [0x0000000081c00000, 0x0000000087180000, 0x00000000d5f00000)
  object space 87552K, 2% used [0x0000000081c00000,0x0000000081e27000,0x0000000087180000)
 Metaspace       used 16357K, capacity 16532K, committed 16896K, reserved 1064960K
  class space    used 1413K, capacity 1484K, committed 1536K, reserved 1048576K
Event: 2.227 GC heap after
Heap after GC invocations=10 (full 0):
 PSYoungGen      total 429056K, used 1335K [0x00000000d5f00000, 0x00000000f0580000, 0x0000000100000000)
  eden space 425472K, 0% used [0x00000000d5f00000,0x00000000d5f00000,0x00000000efe80000)
  from space 3584K, 37% used [0x00000000f0200000,0x00000000f034df80,0x00000000f0580000)
  to   space 3584K, 0% used [0x00000000efe80000,0x00000000efe80000,0x00000000f0200000)
 ParOldGen       total 87552K, used 2228K [0x0000000081c00000, 0x0000000087180000, 0x00000000d5f00000)
  object space 87552K, 2% used [0x0000000081c00000,0x0000000081e2d000,0x0000000087180000)
 Metaspace       used 16357K, capacity 16532K, committed 16896K, reserved 1064960K
  class space    used 1413K, capacity 1484K, committed 1536K, reserved 1048576K
}

