# JRE version: Java(TM) SE Runtime Environment (8.0_211-b12) (build 1.8.0_211-b12)
# Java VM: Java HotSpot(TM) Client VM (25.211-b12 mixed mode windows-x86 )
Heap:
 def new generation   total 4992K, used 3793K [0x04800000, 0x04d60000, 0x09d50000)
  eden space 4480K,  76% used [0x04800000, 0x04b58d68, 0x04c60000)
  from space 512K,  71% used [0x04ce0000, 0x04d3b958, 0x04d60000)
  to   space 512K,   0% used [0x04c60000, 0x04c60000, 0x04ce0000)
 tenured generation   total 10944K, used 5290K [0x09d50000, 0x0a800000, 0x14800000)
   the space 10944K,  48% used [0x09d50000, 0x0a27a848, 0x0a27aa00, 0x0a800000)
 Metaspace       used 10978K, capacity 11184K, committed 11264K, reserved 11648K
GC Heap History (10 events):
Event: 3.235 GC heap before
{Heap before GC invocations=39 (full 0):
 def new generation   total 4992K, used 4631K [0x04800000, 0x04d60000, 0x09d50000)
  eden space 4480K, 100% used [0x04800000, 0x04c60000, 0x04c60000)
  from space 512K,  29% used [0x04c60000, 0x04c85ec0, 0x04ce0000)
  to   space 512K,   0% used [0x04ce0000, 0x04ce0000, 0x04d60000)
 tenured generation   total 10944K, used 4683K [0x09d50000, 0x0a800000, 0x14800000)
   the space 10944K,  42% used [0x09d50000, 0x0a1e2ea0, 0x0a1e3000, 0x0a800000)
 Metaspace       used 10868K, capacity 11056K, committed 11136K, reserved 11648K
Event: 3.235 GC heap after
Heap after GC invocations=40 (full 0):
 def new generation   total 4992K, used 94K [0x04800000, 0x04d60000, 0x09d50000)
  eden space 4480K,   0% used [0x04800000, 0x04800000, 0x04c60000)
  from space 512K,  18% used [0x04ce0000, 0x04cf7988, 0x04d60000)
  to   space 512K,   0% used [0x04c60000, 0x04c60000, 0x04ce0000)
 tenured generation   total 10944K, used 4683K [0x09d50000, 0x0a800000, 0x14800000)
   the space 10944K,  42% used [0x09d50000, 0x0a1e2ea0, 0x0a1e3000, 0x0a800000)
 Metaspace       used 10868K, capacity 11056K, committed 11136K, reserved 11648K
}
Event: 3.385 GC heap before
{Heap before GC invocations=40 (full 0):
 def new generation   total 4992K, used 4574K [0x04800000, 0x04d60000, 0x09d50000)
  eden space 4480K, 100% used [0x04800000, 0x04c60000, 0x04c60000)
  from space 512K,  18% used [0x04ce0000, 0x04cf7988, 0x04d60000)
  to   space 512K,   0% used [0x04c60000, 0x04c60000, 0x04ce0000)
 tenured generation   total 10944K, used 4683K [0x09d50000, 0x0a800000, 0x14800000)
   the space 10944K,  42% used [0x09d50000, 0x0a1e2ea0, 0x0a1e3000, 0x0a800000)
 Metaspace       used 10868K, capacity 11056K, committed 11136K, reserved 11648K
Event: 3.386 GC heap after
Heap after GC invocations=41 (full 0):
 def new generation   total 4992K, used 78K [0x04800000, 0x04d60000, 0x09d50000)
  eden space 4480K,   0% used [0x04800000, 0x04800000, 0x04c60000)
  from space 512K,  15% used [0x04c60000, 0x04c73ba0, 0x04ce0000)
  to   space 512K,   0% used [0x04ce0000, 0x04ce0000, 0x04d60000)
 tenured generation   total 10944K, used 4683K [0x09d50000, 0x0a800000, 0x14800000)
   the space 10944K,  42% used [0x09d50000, 0x0a1e2ea0, 0x0a1e3000, 0x0a800000)
 Metaspace       used 10868K, capacity 11056K, committed 11136K, reserved 11648K
}
Event: 3.496 GC heap before
{Heap before GC invocations=41 (full 0):
 def new generation   total 4992K, used 4558K [0x04800000, 0x04d60000, 0x09d50000)
  eden space 4480K, 100% used [0x04800000, 0x04c60000, 0x04c60000)
  from space 512K,  15% used [0x04c60000, 0x04c73ba0, 0x04ce0000)
  to   space 512K,   0% used [0x04ce0000, 0x04ce0000, 0x04d60000)
 tenured generation   total 10944K, used 4683K [0x09d50000, 0x0a800000, 0x14800000)
   the space 10944K,  42% used [0x09d50000, 0x0a1e2ea0, 0x0a1e3000, 0x0a800000)
 Metaspace       used 10889K, capacity 11088K, committed 11136K, reserved 11648K
Event: 3.496 GC heap after
Heap after GC invocations=42 (full 0):
 def new generation   total 4992K, used 95K [0x04800000, 0x04d60000, 0x09d50000)
  eden space 4480K,   0% used [0x04800000, 0x04800000, 0x04c60000)
  from space 512K,  18% used [0x04ce0000, 0x04cf7cb8, 0x04d60000)
  to   space 512K,   0% used [0x04c60000, 0x04c60000, 0x04ce0000)
 tenured generation   total 10944K, used 4683K [0x09d50000, 0x0a800000, 0x14800000)
   the space 10944K,  42% used [0x09d50000, 0x0a1e2ea0, 0x0a1e3000, 0x0a800000)
 Metaspace       used 10889K, capacity 11088K, committed 11136K, reserved 11648K
}
Event: 3.924 GC heap before
{Heap before GC invocations=42 (full 0):
 def new generation   total 4992K, used 4374K [0x04800000, 0x04d60000, 0x09d50000)
  eden space 4480K,  95% used [0x04800000, 0x04c2dd70, 0x04c60000)
  from space 512K,  18% used [0x04ce0000, 0x04cf7cb8, 0x04d60000)
  to   space 512K,   0% used [0x04c60000, 0x04c60000, 0x04ce0000)
 tenured generation   total 10944K, used 4683K [0x09d50000, 0x0a800000, 0x14800000)
   the space 10944K,  42% used [0x09d50000, 0x0a1e2ea0, 0x0a1e3000, 0x0a800000)
 Metaspace       used 10978K, capacity 11184K, committed 11264K, reserved 11648K
Event: 3.925 GC heap after
Heap after GC invocations=43 (full 0):
 def new generation   total 4992K, used 338K [0x04800000, 0x04d60000, 0x09d50000)
  eden space 4480K,   0% used [0x04800000, 0x04800000, 0x04c60000)
  from space 512K,  66% used [0x04c60000, 0x04cb4968, 0x04ce0000)
  to   space 512K,   0% used [0x04ce0000, 0x04ce0000, 0x04d60000)
 tenured generation   total 10944K, used 4683K [0x09d50000, 0x0a800000, 0x14800000)
   the space 10944K,  42% used [0x09d50000, 0x0a1e2ea0, 0x0a1e3000, 0x0a800000)
 Metaspace       used 10978K, capacity 11184K, committed 11264K, reserved 11648K
}
Event: 3.972 GC heap before
{Heap before GC invocations=43 (full 0):
 def new generation   total 4992K, used 4676K [0x04800000, 0x04d60000, 0x09d50000)
  eden space 4480K,  96% used [0x04800000, 0x04c3c8e0, 0x04c60000)
  from space 512K,  66% used [0x04c60000, 0x04cb4968, 0x04ce0000)
  to   space 512K,   0% used [0x04ce0000, 0x04ce0000, 0x04d60000)
 tenured generation   total 10944K, used 4683K [0x09d50000, 0x0a800000, 0x14800000)
   the space 10944K,  42% used [0x09d50000, 0x0a1e2ea0, 0x0a1e3000, 0x0a800000)
 Metaspace       used 10978K, capacity 11184K, committed 11264K, reserved 11648K
Event: 3.973 GC heap after
Heap after GC invocations=44 (full 0):
 def new generation   total 4992K, used 366K [0x04800000, 0x04d60000, 0x09d50000)
  eden space 4480K,   0% used [0x04800000, 0x04800000, 0x04c60000)
  from space 512K,  71% used [0x04ce0000, 0x04d3b958, 0x04d60000)
  to   space 512K,   0% used [0x04c60000, 0x04c60000, 0x04ce0000)
 tenured generation   total 10944K, used 5290K [0x09d50000, 0x0a800000, 0x14800000)
   the space 10944K,  48% used [0x09d50000, 0x0a27a848, 0x0a27aa00, 0x0a800000)
 Metaspace       used 10978K, capacity 11184K, committed 11264K, reserved 11648K
}

