# JRE version: Java(TM) SE Runtime Environment (8.0_191-b12) (build 1.8.0_191-b12)
# Java VM: Java HotSpot(TM) 64-Bit Server VM (25.191-b12 mixed mode windows-amd64 compressed oops)
Heap:
 PSYoungGen      total 535040K, used 302046K [0x00000000d5f00000, 0x00000000f6e00000, 0x0000000100000000)
  eden space 531968K, 56% used [0x00000000d5f00000,0x00000000e85e7910,0x00000000f6680000)
  from space 3072K, 2% used [0x00000000f6a00000,0x00000000f6a10000,0x00000000f6d00000)
  to   space 3584K, 0% used [0x00000000f6680000,0x00000000f6680000,0x00000000f6a00000)
 ParOldGen       total 87552K, used 2180K [0x0000000081c00000, 0x0000000087180000, 0x00000000d5f00000)
  object space 87552K, 2% used [0x0000000081c00000,0x0000000081e21358,0x0000000087180000)
 Metaspace       used 16773K, capacity 16956K, committed 17152K, reserved 1064960K
  class space    used 1449K, capacity 1516K, committed 1536K, reserved 1048576K
GC Heap History (10 events):
Event: 1.100 GC heap before
{Heap before GC invocations=4 (full 0):
 PSYoungGen      total 71680K, used 68867K [0x00000000d5f00000, 0x00000000deb00000, 0x0000000100000000)
  eden space 66560K, 100% used [0x00000000d5f00000,0x00000000da000000,0x00000000da000000)
  from space 5120K, 45% used [0x00000000da000000,0x00000000da240d38,0x00000000da500000)
  to   space 5120K, 0% used [0x00000000de600000,0x00000000de600000,0x00000000deb00000)
 ParOldGen       total 87552K, used 32K [0x0000000081c00000, 0x0000000087180000, 0x00000000d5f00000)
  object space 87552K, 0% used [0x0000000081c00000,0x0000000081c08000,0x0000000087180000)
 Metaspace       used 14268K, capacity 14484K, committed 14848K, reserved 1062912K
  class space    used 1165K, capacity 1228K, committed 1280K, reserved 1048576K
Event: 1.103 GC heap after
Heap after GC invocations=4 (full 0):
 PSYoungGen      total 138240K, used 2199K [0x00000000d5f00000, 0x00000000deb00000, 0x0000000100000000)
  eden space 133120K, 0% used [0x00000000d5f00000,0x00000000d5f00000,0x00000000de100000)
  from space 5120K, 42% used [0x00000000de600000,0x00000000de825fb0,0x00000000deb00000)
  to   space 5120K, 0% used [0x00000000de100000,0x00000000de100000,0x00000000de600000)
 ParOldGen       total 87552K, used 40K [0x0000000081c00000, 0x0000000087180000, 0x00000000d5f00000)
  object space 87552K, 0% used [0x0000000081c00000,0x0000000081c0a000,0x0000000087180000)
 Metaspace       used 14268K, capacity 14484K, committed 14848K, reserved 1062912K
  class space    used 1165K, capacity 1228K, committed 1280K, reserved 1048576K
}
Event: 1.368 GC heap before
{Heap before GC invocations=5 (full 0):
 PSYoungGen      total 138240K, used 135319K [0x00000000d5f00000, 0x00000000deb00000, 0x0000000100000000)
  eden space 133120K, 100% used [0x00000000d5f00000,0x00000000de100000,0x00000000de100000)
  from space 5120K, 42% used [0x00000000de600000,0x00000000de825fb0,0x00000000deb00000)
  to   space 5120K, 0% used [0x00000000de100000,0x00000000de100000,0x00000000de600000)
 ParOldGen       total 87552K, used 40K [0x0000000081c00000, 0x0000000087180000, 0x00000000d5f00000)
  object space 87552K, 0% used [0x0000000081c00000,0x0000000081c0a000,0x0000000087180000)
 Metaspace       used 14271K, capacity 14484K, committed 14848K, reserved 1062912K
  class space    used 1165K, capacity 1228K, committed 1280K, reserved 1048576K
Event: 1.371 GC heap after
Heap after GC invocations=5 (full 0):
 PSYoungGen      total 138240K, used 2183K [0x00000000d5f00000, 0x00000000e6900000, 0x0000000100000000)
  eden space 133120K, 0% used [0x00000000d5f00000,0x00000000d5f00000,0x00000000de100000)
  from space 5120K, 42% used [0x00000000de100000,0x00000000de321fc0,0x00000000de600000)
  to   space 3072K, 0% used [0x00000000e6600000,0x00000000e6600000,0x00000000e6900000)
 ParOldGen       total 87552K, used 48K [0x0000000081c00000, 0x0000000087180000, 0x00000000d5f00000)
  object space 87552K, 0% used [0x0000000081c00000,0x0000000081c0c000,0x0000000087180000)
 Metaspace       used 14271K, capacity 14484K, committed 14848K, reserved 1062912K
  class space    used 1165K, capacity 1228K, committed 1280K, reserved 1048576K
}
Event: 1.511 GC heap before
{Heap before GC invocations=6 (full 0):
 PSYoungGen      total 138240K, used 135303K [0x00000000d5f00000, 0x00000000e6900000, 0x0000000100000000)
  eden space 133120K, 100% used [0x00000000d5f00000,0x00000000de100000,0x00000000de100000)
  from space 5120K, 42% used [0x00000000de100000,0x00000000de321fc0,0x00000000de600000)
  to   space 3072K, 0% used [0x00000000e6600000,0x00000000e6600000,0x00000000e6900000)
 ParOldGen       total 87552K, used 48K [0x0000000081c00000, 0x0000000087180000, 0x00000000d5f00000)
  object space 87552K, 0% used [0x0000000081c00000,0x0000000081c0c000,0x0000000087180000)
 Metaspace       used 14271K, capacity 14484K, committed 14848K, reserved 1062912K
  class space    used 1165K, capacity 1228K, committed 1280K, reserved 1048576K
Event: 1.514 GC heap after
Heap after GC invocations=6 (full 0):
 PSYoungGen      total 269312K, used 2167K [0x00000000d5f00000, 0x00000000e6900000, 0x0000000100000000)
  eden space 266240K, 0% used [0x00000000d5f00000,0x00000000d5f00000,0x00000000e6300000)
  from space 3072K, 70% used [0x00000000e6600000,0x00000000e681dfb0,0x00000000e6900000)
  to   space 3072K, 0% used [0x00000000e6300000,0x00000000e6300000,0x00000000e6600000)
 ParOldGen       total 87552K, used 56K [0x0000000081c00000, 0x0000000087180000, 0x00000000d5f00000)
  object space 87552K, 0% used [0x0000000081c00000,0x0000000081c0e000,0x0000000087180000)
 Metaspace       used 14271K, capacity 14484K, committed 14848K, reserved 1062912K
  class space    used 1165K, capacity 1228K, committed 1280K, reserved 1048576K
}
Event: 1.798 GC heap before
{Heap before GC invocations=7 (full 0):
 PSYoungGen      total 269312K, used 268407K [0x00000000d5f00000, 0x00000000e6900000, 0x0000000100000000)
  eden space 266240K, 100% used [0x00000000d5f00000,0x00000000e6300000,0x00000000e6300000)
  from space 3072K, 70% used [0x00000000e6600000,0x00000000e681dfb0,0x00000000e6900000)
  to   space 3072K, 0% used [0x00000000e6300000,0x00000000e6300000,0x00000000e6600000)
 ParOldGen       total 87552K, used 56K [0x0000000081c00000, 0x0000000087180000, 0x00000000d5f00000)
  object space 87552K, 0% used [0x0000000081c00000,0x0000000081c0e000,0x0000000087180000)
 Metaspace       used 14273K, capacity 14484K, committed 14848K, reserved 1062912K
  class space    used 1165K, capacity 1228K, committed 1280K, reserved 1048576K
Event: 1.801 GC heap after
Heap after GC invocations=7 (full 0):
 PSYoungGen      total 269312K, used 192K [0x00000000d5f00000, 0x00000000f6d00000, 0x0000000100000000)
  eden space 266240K, 0% used [0x00000000d5f00000,0x00000000d5f00000,0x00000000e6300000)
  from space 3072K, 6% used [0x00000000e6300000,0x00000000e6330000,0x00000000e6600000)
  to   space 3072K, 0% used [0x00000000f6a00000,0x00000000f6a00000,0x00000000f6d00000)
 ParOldGen       total 87552K, used 2028K [0x0000000081c00000, 0x0000000087180000, 0x00000000d5f00000)
  object space 87552K, 2% used [0x0000000081c00000,0x0000000081dfb358,0x0000000087180000)
 Metaspace       used 14273K, capacity 14484K, committed 14848K, reserved 1062912K
  class space    used 1165K, capacity 1228K, committed 1280K, reserved 1048576K
}
Event: 2.088 GC heap before
{Heap before GC invocations=8 (full 0):
 PSYoungGen      total 269312K, used 266432K [0x00000000d5f00000, 0x00000000f6d00000, 0x0000000100000000)
  eden space 266240K, 100% used [0x00000000d5f00000,0x00000000e6300000,0x00000000e6300000)
  from space 3072K, 6% used [0x00000000e6300000,0x00000000e6330000,0x00000000e6600000)
  to   space 3072K, 0% used [0x00000000f6a00000,0x00000000f6a00000,0x00000000f6d00000)
 ParOldGen       total 87552K, used 2028K [0x0000000081c00000, 0x0000000087180000, 0x00000000d5f00000)
  object space 87552K, 2% used [0x0000000081c00000,0x0000000081dfb358,0x0000000087180000)
 Metaspace       used 14304K, capacity 14484K, committed 14848K, reserved 1062912K
  class space    used 1166K, capacity 1228K, committed 1280K, reserved 1048576K
Event: 2.089 GC heap after
Heap after GC invocations=8 (full 0):
 PSYoungGen      total 535040K, used 64K [0x00000000d5f00000, 0x00000000f6e00000, 0x0000000100000000)
  eden space 531968K, 0% used [0x00000000d5f00000,0x00000000d5f00000,0x00000000f6680000)
  from space 3072K, 2% used [0x00000000f6a00000,0x00000000f6a10000,0x00000000f6d00000)
  to   space 3584K, 0% used [0x00000000f6680000,0x00000000f6680000,0x00000000f6a00000)
 ParOldGen       total 87552K, used 2180K [0x0000000081c00000, 0x0000000087180000, 0x00000000d5f00000)
  object space 87552K, 2% used [0x0000000081c00000,0x0000000081e21358,0x0000000087180000)
 Metaspace       used 14304K, capacity 14484K, committed 14848K, reserved 1062912K
  class space    used 1166K, capacity 1228K, committed 1280K, reserved 1048576K
}

