# JRE version: Java(TM) SE Runtime Environment (8.0_211-b12) (build 1.8.0_211-b12)
# Java VM: Java HotSpot(TM) Client VM (25.211-b12 mixed mode windows-x86 )
Heap:
 def new generation   total 4928K, used 2220K [0x04a00000, 0x04f50000, 0x09f50000)
  eden space 4416K,  48% used [0x04a00000, 0x04c122a8, 0x04e50000)
  from space 512K,  19% used [0x04e50000, 0x04e69090, 0x04ed0000)
  to   space 512K,   0% used [0x04ed0000, 0x04ed0000, 0x04f50000)
 tenured generation   total 10944K, used 5224K [0x09f50000, 0x0aa00000, 0x14a00000)
   the space 10944K,  47% used [0x09f50000, 0x0a46a278, 0x0a46a400, 0x0aa00000)
 Metaspace       used 10902K, capacity 11088K, committed 11136K, reserved 11648K
GC Heap History (10 events):
Event: 2.676 GC heap before
{Heap before GC invocations=37 (full 0):
 def new generation   total 4928K, used 4443K [0x04a00000, 0x04f50000, 0x09f50000)
  eden space 4416K, 100% used [0x04a00000, 0x04e50000, 0x04e50000)
  from space 512K,   5% used [0x04ed0000, 0x04ed6d48, 0x04f50000)
  to   space 512K,   0% used [0x04e50000, 0x04e50000, 0x04ed0000)
 tenured generation   total 10944K, used 5224K [0x09f50000, 0x0aa00000, 0x14a00000)
   the space 10944K,  47% used [0x09f50000, 0x0a46a278, 0x0a46a400, 0x0aa00000)
 Metaspace       used 10759K, capacity 10928K, committed 11008K, reserved 11648K
Event: 2.677 GC heap after
Heap after GC invocations=38 (full 0):
 def new generation   total 4928K, used 91K [0x04a00000, 0x04f50000, 0x09f50000)
  eden space 4416K,   0% used [0x04a00000, 0x04a00000, 0x04e50000)
  from space 512K,  17% used [0x04e50000, 0x04e66c30, 0x04ed0000)
  to   space 512K,   0% used [0x04ed0000, 0x04ed0000, 0x04f50000)
 tenured generation   total 10944K, used 5224K [0x09f50000, 0x0aa00000, 0x14a00000)
   the space 10944K,  47% used [0x09f50000, 0x0a46a278, 0x0a46a400, 0x0aa00000)
 Metaspace       used 10759K, capacity 10928K, committed 11008K, reserved 11648K
}
Event: 2.844 GC heap before
{Heap before GC invocations=38 (full 0):
 def new generation   total 4928K, used 4507K [0x04a00000, 0x04f50000, 0x09f50000)
  eden space 4416K, 100% used [0x04a00000, 0x04e50000, 0x04e50000)
  from space 512K,  17% used [0x04e50000, 0x04e66c30, 0x04ed0000)
  to   space 512K,   0% used [0x04ed0000, 0x04ed0000, 0x04f50000)
 tenured generation   total 10944K, used 5224K [0x09f50000, 0x0aa00000, 0x14a00000)
   the space 10944K,  47% used [0x09f50000, 0x0a46a278, 0x0a46a400, 0x0aa00000)
 Metaspace       used 10873K, capacity 11056K, committed 11136K, reserved 11648K
Event: 2.845 GC heap after
Heap after GC invocations=39 (full 0):
 def new generation   total 4928K, used 178K [0x04a00000, 0x04f50000, 0x09f50000)
  eden space 4416K,   0% used [0x04a00000, 0x04a00000, 0x04e50000)
  from space 512K,  34% used [0x04ed0000, 0x04efc998, 0x04f50000)
  to   space 512K,   0% used [0x04e50000, 0x04e50000, 0x04ed0000)
 tenured generation   total 10944K, used 5224K [0x09f50000, 0x0aa00000, 0x14a00000)
   the space 10944K,  47% used [0x09f50000, 0x0a46a278, 0x0a46a400, 0x0aa00000)
 Metaspace       used 10873K, capacity 11056K, committed 11136K, reserved 11648K
}
Event: 2.894 GC heap before
{Heap before GC invocations=39 (full 0):
 def new generation   total 4928K, used 4594K [0x04a00000, 0x04f50000, 0x09f50000)
  eden space 4416K, 100% used [0x04a00000, 0x04e50000, 0x04e50000)
  from space 512K,  34% used [0x04ed0000, 0x04efc998, 0x04f50000)
  to   space 512K,   0% used [0x04e50000, 0x04e50000, 0x04ed0000)
 tenured generation   total 10944K, used 5224K [0x09f50000, 0x0aa00000, 0x14a00000)
   the space 10944K,  47% used [0x09f50000, 0x0a46a278, 0x0a46a400, 0x0aa00000)
 Metaspace       used 10881K, capacity 11056K, committed 11136K, reserved 11648K
Event: 2.895 GC heap after
Heap after GC invocations=40 (full 0):
 def new generation   total 4928K, used 96K [0x04a00000, 0x04f50000, 0x09f50000)
  eden space 4416K,   0% used [0x04a00000, 0x04a00000, 0x04e50000)
  from space 512K,  18% used [0x04e50000, 0x04e680b8, 0x04ed0000)
  to   space 512K,   0% used [0x04ed0000, 0x04ed0000, 0x04f50000)
 tenured generation   total 10944K, used 5224K [0x09f50000, 0x0aa00000, 0x14a00000)
   the space 10944K,  47% used [0x09f50000, 0x0a46a278, 0x0a46a400, 0x0aa00000)
 Metaspace       used 10881K, capacity 11056K, committed 11136K, reserved 11648K
}
Event: 2.924 GC heap before
{Heap before GC invocations=40 (full 0):
 def new generation   total 4928K, used 4512K [0x04a00000, 0x04f50000, 0x09f50000)
  eden space 4416K, 100% used [0x04a00000, 0x04e50000, 0x04e50000)
  from space 512K,  18% used [0x04e50000, 0x04e680b8, 0x04ed0000)
  to   space 512K,   0% used [0x04ed0000, 0x04ed0000, 0x04f50000)
 tenured generation   total 10944K, used 5224K [0x09f50000, 0x0aa00000, 0x14a00000)
   the space 10944K,  47% used [0x09f50000, 0x0a46a278, 0x0a46a400, 0x0aa00000)
 Metaspace       used 10881K, capacity 11056K, committed 11136K, reserved 11648K
Event: 2.924 GC heap after
Heap after GC invocations=41 (full 0):
 def new generation   total 4928K, used 79K [0x04a00000, 0x04f50000, 0x09f50000)
  eden space 4416K,   0% used [0x04a00000, 0x04a00000, 0x04e50000)
  from space 512K,  15% used [0x04ed0000, 0x04ee3f30, 0x04f50000)
  to   space 512K,   0% used [0x04e50000, 0x04e50000, 0x04ed0000)
 tenured generation   total 10944K, used 5224K [0x09f50000, 0x0aa00000, 0x14a00000)
   the space 10944K,  47% used [0x09f50000, 0x0a46a278, 0x0a46a400, 0x0aa00000)
 Metaspace       used 10881K, capacity 11056K, committed 11136K, reserved 11648K
}
Event: 3.054 GC heap before
{Heap before GC invocations=41 (full 0):
 def new generation   total 4928K, used 4495K [0x04a00000, 0x04f50000, 0x09f50000)
  eden space 4416K, 100% used [0x04a00000, 0x04e50000, 0x04e50000)
  from space 512K,  15% used [0x04ed0000, 0x04ee3f30, 0x04f50000)
  to   space 512K,   0% used [0x04e50000, 0x04e50000, 0x04ed0000)
 tenured generation   total 10944K, used 5224K [0x09f50000, 0x0aa00000, 0x14a00000)
   the space 10944K,  47% used [0x09f50000, 0x0a46a278, 0x0a46a400, 0x0aa00000)
 Metaspace       used 10902K, capacity 11088K, committed 11136K, reserved 11648K
Event: 3.055 GC heap after
Heap after GC invocations=42 (full 0):
 def new generation   total 4928K, used 100K [0x04a00000, 0x04f50000, 0x09f50000)
  eden space 4416K,   0% used [0x04a00000, 0x04a00000, 0x04e50000)
  from space 512K,  19% used [0x04e50000, 0x04e69090, 0x04ed0000)
  to   space 512K,   0% used [0x04ed0000, 0x04ed0000, 0x04f50000)
 tenured generation   total 10944K, used 5224K [0x09f50000, 0x0aa00000, 0x14a00000)
   the space 10944K,  47% used [0x09f50000, 0x0a46a278, 0x0a46a400, 0x0aa00000)
 Metaspace       used 10902K, capacity 11088K, committed 11136K, reserved 11648K
}

