# JRE version: Java(TM) SE Runtime Environment (8.0_211-b12) (build 1.8.0_211-b12)
# Java VM: Java HotSpot(TM) Client VM (25.211-b12 mixed mode windows-x86 )
Heap:
 def new generation   total 4992K, used 2958K [0x04a00000, 0x04f60000, 0x09f50000)
  eden space 4480K,  66% used [0x04a00000, 0x04ce3bc0, 0x04e60000)
  from space 512K,   0% used [0x04ee0000, 0x04ee0000, 0x04f60000)
  to   space 512K,   0% used [0x04e60000, 0x04e60000, 0x04ee0000)
 tenured generation   total 10944K, used 3600K [0x09f50000, 0x0aa00000, 0x14a00000)
   the space 10944K,  32% used [0x09f50000, 0x0a2d41d8, 0x0a2d4200, 0x0aa00000)
 Metaspace       used 11236K, capacity 11432K, committed 11520K, reserved 11648K
GC Heap History (10 events):
Event: 4.247 GC heap before
{Heap before GC invocations=45 (full 0):
 def new generation   total 4992K, used 3819K [0x04a00000, 0x04f60000, 0x09f50000)
  eden space 4480K,  85% used [0x04a00000, 0x04db9e60, 0x04e60000)
  from space 512K,   0% used [0x04e60000, 0x04e61140, 0x04ee0000)
  to   space 512K,   0% used [0x04ee0000, 0x04ee0000, 0x04f60000)
 tenured generation   total 10944K, used 7461K [0x09f50000, 0x0aa00000, 0x14a00000)
   the space 10944K,  68% used [0x09f50000, 0x0a699728, 0x0a699800, 0x0aa00000)
 Metaspace       used 11225K, capacity 11432K, committed 11520K, reserved 11648K
Event: 4.248 GC heap after
Heap after GC invocations=46 (full 0):
 def new generation   total 4992K, used 3K [0x04a00000, 0x04f60000, 0x09f50000)
  eden space 4480K,   0% used [0x04a00000, 0x04a00000, 0x04e60000)
  from space 512K,   0% used [0x04ee0000, 0x04ee0e70, 0x04f60000)
  to   space 512K,   0% used [0x04e60000, 0x04e60000, 0x04ee0000)
 tenured generation   total 10944K, used 8236K [0x09f50000, 0x0aa00000, 0x14a00000)
   the space 10944K,  75% used [0x09f50000, 0x0a75b350, 0x0a75b400, 0x0aa00000)
 Metaspace       used 11225K, capacity 11432K, committed 11520K, reserved 11648K
}
Event: 4.271 GC heap before
{Heap before GC invocations=46 (full 0):
 def new generation   total 4992K, used 4064K [0x04a00000, 0x04f60000, 0x09f50000)
  eden space 4480K,  90% used [0x04a00000, 0x04df7330, 0x04e60000)
  from space 512K,   0% used [0x04ee0000, 0x04ee0e70, 0x04f60000)
  to   space 512K,   0% used [0x04e60000, 0x04e60000, 0x04ee0000)
 tenured generation   total 10944K, used 8236K [0x09f50000, 0x0aa00000, 0x14a00000)
   the space 10944K,  75% used [0x09f50000, 0x0a75b350, 0x0a75b400, 0x0aa00000)
 Metaspace       used 11225K, capacity 11432K, committed 11520K, reserved 11648K
Event: 4.272 GC heap after
Heap after GC invocations=47 (full 0):
 def new generation   total 4992K, used 4K [0x04a00000, 0x04f60000, 0x09f50000)
  eden space 4480K,   0% used [0x04a00000, 0x04a00000, 0x04e60000)
  from space 512K,   0% used [0x04e60000, 0x04e61208, 0x04ee0000)
  to   space 512K,   0% used [0x04ee0000, 0x04ee0000, 0x04f60000)
 tenured generation   total 10944K, used 9044K [0x09f50000, 0x0aa00000, 0x14a00000)
   the space 10944K,  82% used [0x09f50000, 0x0a8252d0, 0x0a825400, 0x0aa00000)
 Metaspace       used 11225K, capacity 11432K, committed 11520K, reserved 11648K
}
Event: 4.288 GC heap before
{Heap before GC invocations=47 (full 0):
 def new generation   total 4992K, used 4285K [0x04a00000, 0x04f60000, 0x09f50000)
  eden space 4480K,  95% used [0x04a00000, 0x04e2e528, 0x04e60000)
  from space 512K,   0% used [0x04e60000, 0x04e61208, 0x04ee0000)
  to   space 512K,   0% used [0x04ee0000, 0x04ee0000, 0x04f60000)
 tenured generation   total 10944K, used 9044K [0x09f50000, 0x0aa00000, 0x14a00000)
   the space 10944K,  82% used [0x09f50000, 0x0a8252d0, 0x0a825400, 0x0aa00000)
 Metaspace       used 11225K, capacity 11432K, committed 11520K, reserved 11648K
Event: 4.289 GC heap after
Heap after GC invocations=48 (full 0):
 def new generation   total 4992K, used 3K [0x04a00000, 0x04f60000, 0x09f50000)
  eden space 4480K,   0% used [0x04a00000, 0x04a00000, 0x04e60000)
  from space 512K,   0% used [0x04ee0000, 0x04ee0e70, 0x04f60000)
  to   space 512K,   0% used [0x04e60000, 0x04e60000, 0x04ee0000)
 tenured generation   total 10944K, used 9902K [0x09f50000, 0x0aa00000, 0x14a00000)
   the space 10944K,  90% used [0x09f50000, 0x0a8fba20, 0x0a8fbc00, 0x0aa00000)
 Metaspace       used 11225K, capacity 11432K, committed 11520K, reserved 11648K
}
Event: 4.310 GC heap before
{Heap before GC invocations=48 (full 0):
 def new generation   total 4992K, used 4477K [0x04a00000, 0x04f60000, 0x09f50000)
  eden space 4480K,  99% used [0x04a00000, 0x04e5e790, 0x04e60000)
  from space 512K,   0% used [0x04ee0000, 0x04ee0e70, 0x04f60000)
  to   space 512K,   0% used [0x04e60000, 0x04e60000, 0x04ee0000)
 tenured generation   total 10944K, used 9902K [0x09f50000, 0x0aa00000, 0x14a00000)
   the space 10944K,  90% used [0x09f50000, 0x0a8fba20, 0x0a8fbc00, 0x0aa00000)
 Metaspace       used 11225K, capacity 11432K, committed 11520K, reserved 11648K
Event: 4.311 GC heap after
Heap after GC invocations=49 (full 0):
 def new generation   total 4992K, used 4K [0x04a00000, 0x04f60000, 0x09f50000)
  eden space 4480K,   0% used [0x04a00000, 0x04a00000, 0x04e60000)
  from space 512K,   0% used [0x04e60000, 0x04e61208, 0x04ee0000)
  to   space 512K,   0% used [0x04ee0000, 0x04ee0000, 0x04f60000)
 tenured generation   total 10944K, used 10791K [0x09f50000, 0x0aa00000, 0x14a00000)
   the space 10944K,  98% used [0x09f50000, 0x0a9d9d80, 0x0a9d9e00, 0x0aa00000)
 Metaspace       used 11225K, capacity 11432K, committed 11520K, reserved 11648K
}
Event: 4.326 GC heap before
{Heap before GC invocations=49 (full 0):
 def new generation   total 4992K, used 3721K [0x04a00000, 0x04f60000, 0x09f50000)
  eden space 4480K,  82% used [0x04a00000, 0x04da12e0, 0x04e60000)
  from space 512K,   0% used [0x04e60000, 0x04e61208, 0x04ee0000)
  to   space 512K,   0% used [0x04ee0000, 0x04ee0000, 0x04f60000)
 tenured generation   total 10944K, used 10791K [0x09f50000, 0x0aa00000, 0x14a00000)
   the space 10944K,  98% used [0x09f50000, 0x0a9d9d80, 0x0a9d9e00, 0x0aa00000)
 Metaspace       used 11225K, capacity 11432K, committed 11520K, reserved 11648K
Event: 4.336 GC heap after
Heap after GC invocations=50 (full 1):
 def new generation   total 4992K, used 0K [0x04a00000, 0x04f60000, 0x09f50000)
  eden space 4480K,   0% used [0x04a00000, 0x04a00000, 0x04e60000)
  from space 512K,   0% used [0x04ee0000, 0x04ee0000, 0x04f60000)
  to   space 512K,   0% used [0x04e60000, 0x04e60000, 0x04ee0000)
 tenured generation   total 10944K, used 3600K [0x09f50000, 0x0aa00000, 0x14a00000)
   the space 10944K,  32% used [0x09f50000, 0x0a2d41d8, 0x0a2d4200, 0x0aa00000)
 Metaspace       used 11225K, capacity 11432K, committed 11520K, reserved 11648K
}

