# JRE version: Java(TM) SE Runtime Environment (8.0_211-b12) (build 1.8.0_211-b12)
# Java VM: Java HotSpot(TM) Client VM (25.211-b12 mixed mode windows-x86 )
Heap:
 def new generation   total 4992K, used 1349K [0x04a00000, 0x04f60000, 0x09f50000)
  eden space 4480K,  28% used [0x04a00000, 0x04b39bb0, 0x04e60000)
  from space 512K,  18% used [0x04ee0000, 0x04ef7c20, 0x04f60000)
  to   space 512K,   0% used [0x04e60000, 0x04e60000, 0x04ee0000)
 tenured generation   total 10944K, used 4689K [0x09f50000, 0x0aa00000, 0x14a00000)
   the space 10944K,  42% used [0x09f50000, 0x0a3e4590, 0x0a3e4600, 0x0aa00000)
 Metaspace       used 11161K, capacity 11368K, committed 11520K, reserved 11648K
GC Heap History (10 events):
Event: 1.377 GC heap before
{Heap before GC invocations=37 (full 0):
 def new generation   total 4992K, used 4506K [0x04a00000, 0x04f60000, 0x09f50000)
  eden space 4480K, 100% used [0x04a00000, 0x04e60000, 0x04e60000)
  from space 512K,   5% used [0x04e60000, 0x04e66a58, 0x04ee0000)
  to   space 512K,   0% used [0x04ee0000, 0x04ee0000, 0x04f60000)
 tenured generation   total 10944K, used 4689K [0x09f50000, 0x0aa00000, 0x14a00000)
   the space 10944K,  42% used [0x09f50000, 0x0a3e4590, 0x0a3e4600, 0x0aa00000)
 Metaspace       used 11047K, capacity 11240K, committed 11392K, reserved 11648K
Event: 1.378 GC heap after
Heap after GC invocations=38 (full 0):
 def new generation   total 4992K, used 122K [0x04a00000, 0x04f60000, 0x09f50000)
  eden space 4480K,   0% used [0x04a00000, 0x04a00000, 0x04e60000)
  from space 512K,  23% used [0x04ee0000, 0x04efe938, 0x04f60000)
  to   space 512K,   0% used [0x04e60000, 0x04e60000, 0x04ee0000)
 tenured generation   total 10944K, used 4689K [0x09f50000, 0x0aa00000, 0x14a00000)
   the space 10944K,  42% used [0x09f50000, 0x0a3e4590, 0x0a3e4600, 0x0aa00000)
 Metaspace       used 11047K, capacity 11240K, committed 11392K, reserved 11648K
}
Event: 1.426 GC heap before
{Heap before GC invocations=38 (full 0):
 def new generation   total 4992K, used 4602K [0x04a00000, 0x04f60000, 0x09f50000)
  eden space 4480K, 100% used [0x04a00000, 0x04e60000, 0x04e60000)
  from space 512K,  23% used [0x04ee0000, 0x04efe938, 0x04f60000)
  to   space 512K,   0% used [0x04e60000, 0x04e60000, 0x04ee0000)
 tenured generation   total 10944K, used 4689K [0x09f50000, 0x0aa00000, 0x14a00000)
   the space 10944K,  42% used [0x09f50000, 0x0a3e4590, 0x0a3e4600, 0x0aa00000)
 Metaspace       used 11132K, capacity 11336K, committed 11392K, reserved 11648K
Event: 1.427 GC heap after
Heap after GC invocations=39 (full 0):
 def new generation   total 4992K, used 149K [0x04a00000, 0x04f60000, 0x09f50000)
  eden space 4480K,   0% used [0x04a00000, 0x04a00000, 0x04e60000)
  from space 512K,  29% used [0x04e60000, 0x04e85630, 0x04ee0000)
  to   space 512K,   0% used [0x04ee0000, 0x04ee0000, 0x04f60000)
 tenured generation   total 10944K, used 4689K [0x09f50000, 0x0aa00000, 0x14a00000)
   the space 10944K,  42% used [0x09f50000, 0x0a3e4590, 0x0a3e4600, 0x0aa00000)
 Metaspace       used 11132K, capacity 11336K, committed 11392K, reserved 11648K
}
Event: 1.461 GC heap before
{Heap before GC invocations=39 (full 0):
 def new generation   total 4992K, used 4629K [0x04a00000, 0x04f60000, 0x09f50000)
  eden space 4480K, 100% used [0x04a00000, 0x04e60000, 0x04e60000)
  from space 512K,  29% used [0x04e60000, 0x04e85630, 0x04ee0000)
  to   space 512K,   0% used [0x04ee0000, 0x04ee0000, 0x04f60000)
 tenured generation   total 10944K, used 4689K [0x09f50000, 0x0aa00000, 0x14a00000)
   the space 10944K,  42% used [0x09f50000, 0x0a3e4590, 0x0a3e4600, 0x0aa00000)
 Metaspace       used 11140K, capacity 11336K, committed 11392K, reserved 11648K
Event: 1.461 GC heap after
Heap after GC invocations=40 (full 0):
 def new generation   total 4992K, used 92K [0x04a00000, 0x04f60000, 0x09f50000)
  eden space 4480K,   0% used [0x04a00000, 0x04a00000, 0x04e60000)
  from space 512K,  18% used [0x04ee0000, 0x04ef7168, 0x04f60000)
  to   space 512K,   0% used [0x04e60000, 0x04e60000, 0x04ee0000)
 tenured generation   total 10944K, used 4689K [0x09f50000, 0x0aa00000, 0x14a00000)
   the space 10944K,  42% used [0x09f50000, 0x0a3e4590, 0x0a3e4600, 0x0aa00000)
 Metaspace       used 11140K, capacity 11336K, committed 11392K, reserved 11648K
}
Event: 1.511 GC heap before
{Heap before GC invocations=40 (full 0):
 def new generation   total 4992K, used 4572K [0x04a00000, 0x04f60000, 0x09f50000)
  eden space 4480K, 100% used [0x04a00000, 0x04e60000, 0x04e60000)
  from space 512K,  18% used [0x04ee0000, 0x04ef7168, 0x04f60000)
  to   space 512K,   0% used [0x04e60000, 0x04e60000, 0x04ee0000)
 tenured generation   total 10944K, used 4689K [0x09f50000, 0x0aa00000, 0x14a00000)
   the space 10944K,  42% used [0x09f50000, 0x0a3e4590, 0x0a3e4600, 0x0aa00000)
 Metaspace       used 11140K, capacity 11336K, committed 11392K, reserved 11648K
Event: 1.512 GC heap after
Heap after GC invocations=41 (full 0):
 def new generation   total 4992K, used 77K [0x04a00000, 0x04f60000, 0x09f50000)
  eden space 4480K,   0% used [0x04a00000, 0x04a00000, 0x04e60000)
  from space 512K,  15% used [0x04e60000, 0x04e73440, 0x04ee0000)
  to   space 512K,   0% used [0x04ee0000, 0x04ee0000, 0x04f60000)
 tenured generation   total 10944K, used 4689K [0x09f50000, 0x0aa00000, 0x14a00000)
   the space 10944K,  42% used [0x09f50000, 0x0a3e4590, 0x0a3e4600, 0x0aa00000)
 Metaspace       used 11140K, capacity 11336K, committed 11392K, reserved 11648K
}
Event: 1.551 GC heap before
{Heap before GC invocations=41 (full 0):
 def new generation   total 4992K, used 4557K [0x04a00000, 0x04f60000, 0x09f50000)
  eden space 4480K, 100% used [0x04a00000, 0x04e60000, 0x04e60000)
  from space 512K,  15% used [0x04e60000, 0x04e73440, 0x04ee0000)
  to   space 512K,   0% used [0x04ee0000, 0x04ee0000, 0x04f60000)
 tenured generation   total 10944K, used 4689K [0x09f50000, 0x0aa00000, 0x14a00000)
   the space 10944K,  42% used [0x09f50000, 0x0a3e4590, 0x0a3e4600, 0x0aa00000)
 Metaspace       used 11161K, capacity 11368K, committed 11520K, reserved 11648K
Event: 1.552 GC heap after
Heap after GC invocations=42 (full 0):
 def new generation   total 4992K, used 95K [0x04a00000, 0x04f60000, 0x09f50000)
  eden space 4480K,   0% used [0x04a00000, 0x04a00000, 0x04e60000)
  from space 512K,  18% used [0x04ee0000, 0x04ef7c20, 0x04f60000)
  to   space 512K,   0% used [0x04e60000, 0x04e60000, 0x04ee0000)
 tenured generation   total 10944K, used 4689K [0x09f50000, 0x0aa00000, 0x14a00000)
   the space 10944K,  42% used [0x09f50000, 0x0a3e4590, 0x0a3e4600, 0x0aa00000)
 Metaspace       used 11161K, capacity 11368K, committed 11520K, reserved 11648K
}

