# JRE version: Java(TM) SE Runtime Environment (8.0_191-b12) (build 1.8.0_191-b12)
# Java VM: Java HotSpot(TM) 64-Bit Server VM (25.191-b12 mixed mode windows-amd64 compressed oops)
Heap:
 PSYoungGen      total 257536K, used 81697K [0x00000000d5f00000, 0x00000000f0580000, 0x0000000100000000)
  eden space 254464K, 30% used [0x00000000d5f00000,0x00000000dabd1fa8,0x00000000e5780000)
  from space 3072K, 98% used [0x00000000f0280000,0x00000000f0576550,0x00000000f0580000)
  to   space 4096K, 0% used [0x00000000efd80000,0x00000000efd80000,0x00000000f0180000)
 ParOldGen       total 87552K, used 4101K [0x0000000081c00000, 0x0000000087180000, 0x00000000d5f00000)
  object space 87552K, 4% used [0x0000000081c00000,0x0000000082001400,0x0000000087180000)
 Metaspace       used 16982K, capacity 17140K, committed 17408K, reserved 1064960K
  class space    used 1456K, capacity 1516K, committed 1536K, reserved 1048576K
GC Heap History (10 events):
Event: 3.088 GC heap before
{Heap before GC invocations=6 (full 0):
 PSYoungGen      total 71680K, used 68743K [0x00000000d5f00000, 0x00000000de700000, 0x0000000100000000)
  eden space 66560K, 100% used [0x00000000d5f00000,0x00000000da000000,0x00000000da000000)
  from space 5120K, 42% used [0x00000000da000000,0x00000000da221fc0,0x00000000da500000)
  to   space 3072K, 0% used [0x00000000de400000,0x00000000de400000,0x00000000de700000)
 ParOldGen       total 87552K, used 40K [0x0000000081c00000, 0x0000000087180000, 0x00000000d5f00000)
  object space 87552K, 0% used [0x0000000081c00000,0x0000000081c0a000,0x0000000087180000)
 Metaspace       used 14593K, capacity 14828K, committed 15104K, reserved 1062912K
  class space    used 1182K, capacity 1260K, committed 1280K, reserved 1048576K
Event: 3.090 GC heap after
Heap after GC invocations=6 (full 0):
 PSYoungGen      total 136192K, used 2199K [0x00000000d5f00000, 0x00000000de700000, 0x0000000100000000)
  eden space 133120K, 0% used [0x00000000d5f00000,0x00000000d5f00000,0x00000000de100000)
  from space 3072K, 71% used [0x00000000de400000,0x00000000de625fb0,0x00000000de700000)
  to   space 3072K, 0% used [0x00000000de100000,0x00000000de100000,0x00000000de400000)
 ParOldGen       total 87552K, used 40K [0x0000000081c00000, 0x0000000087180000, 0x00000000d5f00000)
  object space 87552K, 0% used [0x0000000081c00000,0x0000000081c0a000,0x0000000087180000)
 Metaspace       used 14593K, capacity 14828K, committed 15104K, reserved 1062912K
  class space    used 1182K, capacity 1260K, committed 1280K, reserved 1048576K
}
Event: 3.285 GC heap before
{Heap before GC invocations=7 (full 0):
 PSYoungGen      total 136192K, used 135319K [0x00000000d5f00000, 0x00000000de700000, 0x0000000100000000)
  eden space 133120K, 100% used [0x00000000d5f00000,0x00000000de100000,0x00000000de100000)
  from space 3072K, 71% used [0x00000000de400000,0x00000000de625fb0,0x00000000de700000)
  to   space 3072K, 0% used [0x00000000de100000,0x00000000de100000,0x00000000de400000)
 ParOldGen       total 87552K, used 40K [0x0000000081c00000, 0x0000000087180000, 0x00000000d5f00000)
  object space 87552K, 0% used [0x0000000081c00000,0x0000000081c0a000,0x0000000087180000)
 Metaspace       used 14595K, capacity 14828K, committed 15104K, reserved 1062912K
  class space    used 1182K, capacity 1260K, committed 1280K, reserved 1048576K
Event: 3.288 GC heap after
Heap after GC invocations=7 (full 0):
 PSYoungGen      total 136192K, used 192K [0x00000000d5f00000, 0x00000000e6a00000, 0x0000000100000000)
  eden space 133120K, 0% used [0x00000000d5f00000,0x00000000d5f00000,0x00000000de100000)
  from space 3072K, 6% used [0x00000000de100000,0x00000000de130000,0x00000000de400000)
  to   space 3584K, 0% used [0x00000000e6680000,0x00000000e6680000,0x00000000e6a00000)
 ParOldGen       total 87552K, used 2060K [0x0000000081c00000, 0x0000000087180000, 0x00000000d5f00000)
  object space 87552K, 2% used [0x0000000081c00000,0x0000000081e03020,0x0000000087180000)
 Metaspace       used 14595K, capacity 14828K, committed 15104K, reserved 1062912K
  class space    used 1182K, capacity 1260K, committed 1280K, reserved 1048576K
}
Event: 3.427 GC heap before
{Heap before GC invocations=8 (full 0):
 PSYoungGen      total 136192K, used 133312K [0x00000000d5f00000, 0x00000000e6a00000, 0x0000000100000000)
  eden space 133120K, 100% used [0x00000000d5f00000,0x00000000de100000,0x00000000de100000)
  from space 3072K, 6% used [0x00000000de100000,0x00000000de130000,0x00000000de400000)
  to   space 3584K, 0% used [0x00000000e6680000,0x00000000e6680000,0x00000000e6a00000)
 ParOldGen       total 87552K, used 2060K [0x0000000081c00000, 0x0000000087180000, 0x00000000d5f00000)
  object space 87552K, 2% used [0x0000000081c00000,0x0000000081e03020,0x0000000087180000)
 Metaspace       used 14595K, capacity 14828K, committed 15104K, reserved 1062912K
  class space    used 1182K, capacity 1260K, committed 1280K, reserved 1048576K
Event: 3.428 GC heap after
Heap after GC invocations=8 (full 0):
 PSYoungGen      total 269824K, used 96K [0x00000000d5f00000, 0x00000000e6a00000, 0x0000000100000000)
  eden space 266240K, 0% used [0x00000000d5f00000,0x00000000d5f00000,0x00000000e6300000)
  from space 3584K, 2% used [0x00000000e6680000,0x00000000e6698000,0x00000000e6a00000)
  to   space 3584K, 0% used [0x00000000e6300000,0x00000000e6300000,0x00000000e6680000)
 ParOldGen       total 87552K, used 2196K [0x0000000081c00000, 0x0000000087180000, 0x00000000d5f00000)
  object space 87552K, 2% used [0x0000000081c00000,0x0000000081e25020,0x0000000087180000)
 Metaspace       used 14595K, capacity 14828K, committed 15104K, reserved 1062912K
  class space    used 1182K, capacity 1260K, committed 1280K, reserved 1048576K
}
Event: 3.730 GC heap before
{Heap before GC invocations=9 (full 0):
 PSYoungGen      total 269824K, used 266336K [0x00000000d5f00000, 0x00000000e6a00000, 0x0000000100000000)
  eden space 266240K, 100% used [0x00000000d5f00000,0x00000000e6300000,0x00000000e6300000)
  from space 3584K, 2% used [0x00000000e6680000,0x00000000e6698000,0x00000000e6a00000)
  to   space 3584K, 0% used [0x00000000e6300000,0x00000000e6300000,0x00000000e6680000)
 ParOldGen       total 87552K, used 2196K [0x0000000081c00000, 0x0000000087180000, 0x00000000d5f00000)
  object space 87552K, 2% used [0x0000000081c00000,0x0000000081e25020,0x0000000087180000)
 Metaspace       used 14597K, capacity 14828K, committed 15104K, reserved 1062912K
  class space    used 1182K, capacity 1260K, committed 1280K, reserved 1048576K
Event: 3.731 GC heap after
Heap after GC invocations=9 (full 0):
 PSYoungGen      total 269824K, used 32K [0x00000000d5f00000, 0x00000000f0600000, 0x0000000100000000)
  eden space 266240K, 0% used [0x00000000d5f00000,0x00000000d5f00000,0x00000000e6300000)
  from space 3584K, 0% used [0x00000000e6300000,0x00000000e6308000,0x00000000e6680000)
  to   space 3584K, 0% used [0x00000000f0280000,0x00000000f0280000,0x00000000f0600000)
 ParOldGen       total 87552K, used 2228K [0x0000000081c00000, 0x0000000087180000, 0x00000000d5f00000)
  object space 87552K, 2% used [0x0000000081c00000,0x0000000081e2d020,0x0000000087180000)
 Metaspace       used 14597K, capacity 14828K, committed 15104K, reserved 1062912K
  class space    used 1182K, capacity 1260K, committed 1280K, reserved 1048576K
}
Event: 4.507 GC heap before
{Heap before GC invocations=10 (full 0):
 PSYoungGen      total 269824K, used 266272K [0x00000000d5f00000, 0x00000000f0600000, 0x0000000100000000)
  eden space 266240K, 100% used [0x00000000d5f00000,0x00000000e6300000,0x00000000e6300000)
  from space 3584K, 0% used [0x00000000e6300000,0x00000000e6308000,0x00000000e6680000)
  to   space 3584K, 0% used [0x00000000f0280000,0x00000000f0280000,0x00000000f0600000)
 ParOldGen       total 87552K, used 2228K [0x0000000081c00000, 0x0000000087180000, 0x00000000d5f00000)
  object space 87552K, 2% used [0x0000000081c00000,0x0000000081e2d020,0x0000000087180000)
 Metaspace       used 15049K, capacity 15252K, committed 15488K, reserved 1062912K
  class space    used 1220K, capacity 1292K, committed 1408K, reserved 1048576K
Event: 4.508 GC heap after
Heap after GC invocations=10 (full 0):
 PSYoungGen      total 257536K, used 3033K [0x00000000d5f00000, 0x00000000f0580000, 0x0000000100000000)
  eden space 254464K, 0% used [0x00000000d5f00000,0x00000000d5f00000,0x00000000e5780000)
  from space 3072K, 98% used [0x00000000f0280000,0x00000000f0576550,0x00000000f0580000)
  to   space 4096K, 0% used [0x00000000efd80000,0x00000000efd80000,0x00000000f0180000)
 ParOldGen       total 87552K, used 4101K [0x0000000081c00000, 0x0000000087180000, 0x00000000d5f00000)
  object space 87552K, 4% used [0x0000000081c00000,0x0000000082001400,0x0000000087180000)
 Metaspace       used 15049K, capacity 15252K, committed 15488K, reserved 1062912K
  class space    used 1220K, capacity 1292K, committed 1408K, reserved 1048576K
}

