# JRE version: Java(TM) SE Runtime Environment (8.0_211-b12) (build 1.8.0_211-b12)
# Java VM: Java HotSpot(TM) Client VM (25.211-b12 mixed mode windows-x86 )
Heap:
 def new generation   total 4992K, used 3738K [0x04800000, 0x04d60000, 0x09d50000)
  eden space 4480K,  83% used [0x04800000, 0x04ba58e0, 0x04c60000)
  from space 512K,   0% used [0x04ce0000, 0x04ce1168, 0x04d60000)
  to   space 512K,   0% used [0x04c60000, 0x04c60000, 0x04ce0000)
 tenured generation   total 10944K, used 9478K [0x09d50000, 0x0a800000, 0x14800000)
   the space 10944K,  86% used [0x09d50000, 0x0a691920, 0x0a691a00, 0x0a800000)
 Metaspace       used 10994K, capacity 11184K, committed 11264K, reserved 11648K
GC Heap History (10 events):
Event: 3.185 GC heap before
{Heap before GC invocations=50 (full 1):
 def new generation   total 4992K, used 4150K [0x04800000, 0x04d60000, 0x09d50000)
  eden space 4480K,  92% used [0x04800000, 0x04c0d9a0, 0x04c60000)
  from space 512K,   0% used [0x04c60000, 0x04c60000, 0x04ce0000)
  to   space 512K,   0% used [0x04ce0000, 0x04ce0000, 0x04d60000)
 tenured generation   total 10944K, used 3448K [0x09d50000, 0x0a800000, 0x14800000)
   the space 10944K,  31% used [0x09d50000, 0x0a0ae2a8, 0x0a0ae400, 0x0a800000)
 Metaspace       used 10990K, capacity 11184K, committed 11264K, reserved 11648K
Event: 3.186 GC heap after
Heap after GC invocations=51 (full 1):
 def new generation   total 4992K, used 4K [0x04800000, 0x04d60000, 0x09d50000)
  eden space 4480K,   0% used [0x04800000, 0x04800000, 0x04c60000)
  from space 512K,   0% used [0x04ce0000, 0x04ce1170, 0x04d60000)
  to   space 512K,   0% used [0x04c60000, 0x04c60000, 0x04ce0000)
 tenured generation   total 10944K, used 5017K [0x09d50000, 0x0a800000, 0x14800000)
   the space 10944K,  45% used [0x09d50000, 0x0a236518, 0x0a236600, 0x0a800000)
 Metaspace       used 10990K, capacity 11184K, committed 11264K, reserved 11648K
}
Event: 3.203 GC heap before
{Heap before GC invocations=51 (full 1):
 def new generation   total 4992K, used 4310K [0x04800000, 0x04d60000, 0x09d50000)
  eden space 4480K,  96% used [0x04800000, 0x04c34700, 0x04c60000)
  from space 512K,   0% used [0x04ce0000, 0x04ce1170, 0x04d60000)
  to   space 512K,   0% used [0x04c60000, 0x04c60000, 0x04ce0000)
 tenured generation   total 10944K, used 5017K [0x09d50000, 0x0a800000, 0x14800000)
   the space 10944K,  45% used [0x09d50000, 0x0a236518, 0x0a236600, 0x0a800000)
 Metaspace       used 10990K, capacity 11184K, committed 11264K, reserved 11648K
Event: 3.203 GC heap after
Heap after GC invocations=52 (full 1):
 def new generation   total 4992K, used 3K [0x04800000, 0x04d60000, 0x09d50000)
  eden space 4480K,   0% used [0x04800000, 0x04800000, 0x04c60000)
  from space 512K,   0% used [0x04c60000, 0x04c60ec8, 0x04ce0000)
  to   space 512K,   0% used [0x04ce0000, 0x04ce0000, 0x04d60000)
 tenured generation   total 10944K, used 5883K [0x09d50000, 0x0a800000, 0x14800000)
   the space 10944K,  53% used [0x09d50000, 0x0a30ec58, 0x0a30ee00, 0x0a800000)
 Metaspace       used 10990K, capacity 11184K, committed 11264K, reserved 11648K
}
Event: 3.224 GC heap before
{Heap before GC invocations=52 (full 1):
 def new generation   total 4992K, used 4483K [0x04800000, 0x04d60000, 0x09d50000)
  eden space 4480K, 100% used [0x04800000, 0x04c60000, 0x04c60000)
  from space 512K,   0% used [0x04c60000, 0x04c60ec8, 0x04ce0000)
  to   space 512K,   0% used [0x04ce0000, 0x04ce0000, 0x04d60000)
 tenured generation   total 10944K, used 5883K [0x09d50000, 0x0a800000, 0x14800000)
   the space 10944K,  53% used [0x09d50000, 0x0a30ec58, 0x0a30ee00, 0x0a800000)
 Metaspace       used 10990K, capacity 11184K, committed 11264K, reserved 11648K
Event: 3.225 GC heap after
Heap after GC invocations=53 (full 1):
 def new generation   total 4992K, used 3K [0x04800000, 0x04d60000, 0x09d50000)
  eden space 4480K,   0% used [0x04800000, 0x04800000, 0x04c60000)
  from space 512K,   0% used [0x04ce0000, 0x04ce0fb0, 0x04d60000)
  to   space 512K,   0% used [0x04c60000, 0x04c60000, 0x04ce0000)
 tenured generation   total 10944K, used 7659K [0x09d50000, 0x0a800000, 0x14800000)
   the space 10944K,  69% used [0x09d50000, 0x0a4cac98, 0x0a4cae00, 0x0a800000)
 Metaspace       used 10990K, capacity 11184K, committed 11264K, reserved 11648K
}
Event: 3.242 GC heap before
{Heap before GC invocations=53 (full 1):
 def new generation   total 4992K, used 3700K [0x04800000, 0x04d60000, 0x09d50000)
  eden space 4480K,  82% used [0x04800000, 0x04b9c240, 0x04c60000)
  from space 512K,   0% used [0x04ce0000, 0x04ce0fb0, 0x04d60000)
  to   space 512K,   0% used [0x04c60000, 0x04c60000, 0x04ce0000)
 tenured generation   total 10944K, used 7659K [0x09d50000, 0x0a800000, 0x14800000)
   the space 10944K,  69% used [0x09d50000, 0x0a4cac98, 0x0a4cae00, 0x0a800000)
 Metaspace       used 10990K, capacity 11184K, committed 11264K, reserved 11648K
Event: 3.243 GC heap after
Heap after GC invocations=54 (full 1):
 def new generation   total 4992K, used 4K [0x04800000, 0x04d60000, 0x09d50000)
  eden space 4480K,   0% used [0x04800000, 0x04800000, 0x04c60000)
  from space 512K,   0% used [0x04c60000, 0x04c61260, 0x04ce0000)
  to   space 512K,   0% used [0x04ce0000, 0x04ce0000, 0x04d60000)
 tenured generation   total 10944K, used 8565K [0x09d50000, 0x0a800000, 0x14800000)
   the space 10944K,  78% used [0x09d50000, 0x0a5ad7a8, 0x0a5ad800, 0x0a800000)
 Metaspace       used 10990K, capacity 11184K, committed 11264K, reserved 11648K
}
Event: 3.290 GC heap before
{Heap before GC invocations=54 (full 1):
 def new generation   total 4992K, used 3744K [0x04800000, 0x04d60000, 0x09d50000)
  eden space 4480K,  83% used [0x04800000, 0x04ba6e48, 0x04c60000)
  from space 512K,   0% used [0x04c60000, 0x04c61260, 0x04ce0000)
  to   space 512K,   0% used [0x04ce0000, 0x04ce0000, 0x04d60000)
 tenured generation   total 10944K, used 8565K [0x09d50000, 0x0a800000, 0x14800000)
   the space 10944K,  78% used [0x09d50000, 0x0a5ad7a8, 0x0a5ad800, 0x0a800000)
 Metaspace       used 10990K, capacity 11184K, committed 11264K, reserved 11648K
Event: 3.290 GC heap after
Heap after GC invocations=55 (full 1):
 def new generation   total 4992K, used 4K [0x04800000, 0x04d60000, 0x09d50000)
  eden space 4480K,   0% used [0x04800000, 0x04800000, 0x04c60000)
  from space 512K,   0% used [0x04ce0000, 0x04ce1168, 0x04d60000)
  to   space 512K,   0% used [0x04c60000, 0x04c60000, 0x04ce0000)
 tenured generation   total 10944K, used 9478K [0x09d50000, 0x0a800000, 0x14800000)
   the space 10944K,  86% used [0x09d50000, 0x0a691920, 0x0a691a00, 0x0a800000)
 Metaspace       used 10990K, capacity 11184K, committed 11264K, reserved 11648K
}

