# JRE version: Java(TM) SE Runtime Environment (8.0_211-b12) (build 1.8.0_211-b12)
# Java VM: Java HotSpot(TM) Client VM (25.211-b12 mixed mode windows-x86 )
Heap:
 def new generation   total 4928K, used 2220K [0x04800000, 0x04d50000, 0x09d50000)
  eden space 4416K,  48% used [0x04800000, 0x04a122a8, 0x04c50000)
  from space 512K,  19% used [0x04c50000, 0x04c69120, 0x04cd0000)
  to   space 512K,   0% used [0x04cd0000, 0x04cd0000, 0x04d50000)
 tenured generation   total 10944K, used 5205K [0x09d50000, 0x0a800000, 0x14800000)
   the space 10944K,  47% used [0x09d50000, 0x0a265738, 0x0a265800, 0x0a800000)
 Metaspace       used 10878K, capacity 11088K, committed 11136K, reserved 11648K
GC Heap History (10 events):
Event: 1.145 GC heap before
{Heap before GC invocations=37 (full 0):
 def new generation   total 4928K, used 4443K [0x04800000, 0x04d50000, 0x09d50000)
  eden space 4416K, 100% used [0x04800000, 0x04c50000, 0x04c50000)
  from space 512K,   5% used [0x04cd0000, 0x04cd6d48, 0x04d50000)
  to   space 512K,   0% used [0x04c50000, 0x04c50000, 0x04cd0000)
 tenured generation   total 10944K, used 5205K [0x09d50000, 0x0a800000, 0x14800000)
   the space 10944K,  47% used [0x09d50000, 0x0a265738, 0x0a265800, 0x0a800000)
 Metaspace       used 10736K, capacity 10928K, committed 11008K, reserved 11648K
Event: 1.146 GC heap after
Heap after GC invocations=38 (full 0):
 def new generation   total 4928K, used 91K [0x04800000, 0x04d50000, 0x09d50000)
  eden space 4416K,   0% used [0x04800000, 0x04800000, 0x04c50000)
  from space 512K,  17% used [0x04c50000, 0x04c66d38, 0x04cd0000)
  to   space 512K,   0% used [0x04cd0000, 0x04cd0000, 0x04d50000)
 tenured generation   total 10944K, used 5205K [0x09d50000, 0x0a800000, 0x14800000)
   the space 10944K,  47% used [0x09d50000, 0x0a265738, 0x0a265800, 0x0a800000)
 Metaspace       used 10736K, capacity 10928K, committed 11008K, reserved 11648K
}
Event: 1.201 GC heap before
{Heap before GC invocations=38 (full 0):
 def new generation   total 4928K, used 4507K [0x04800000, 0x04d50000, 0x09d50000)
  eden space 4416K, 100% used [0x04800000, 0x04c50000, 0x04c50000)
  from space 512K,  17% used [0x04c50000, 0x04c66d38, 0x04cd0000)
  to   space 512K,   0% used [0x04cd0000, 0x04cd0000, 0x04d50000)
 tenured generation   total 10944K, used 5205K [0x09d50000, 0x0a800000, 0x14800000)
   the space 10944K,  47% used [0x09d50000, 0x0a265738, 0x0a265800, 0x0a800000)
 Metaspace       used 10849K, capacity 11056K, committed 11136K, reserved 11648K
Event: 1.202 GC heap after
Heap after GC invocations=39 (full 0):
 def new generation   total 4928K, used 178K [0x04800000, 0x04d50000, 0x09d50000)
  eden space 4416K,   0% used [0x04800000, 0x04800000, 0x04c50000)
  from space 512K,  34% used [0x04cd0000, 0x04cfc938, 0x04d50000)
  to   space 512K,   0% used [0x04c50000, 0x04c50000, 0x04cd0000)
 tenured generation   total 10944K, used 5205K [0x09d50000, 0x0a800000, 0x14800000)
   the space 10944K,  47% used [0x09d50000, 0x0a265738, 0x0a265800, 0x0a800000)
 Metaspace       used 10849K, capacity 11056K, committed 11136K, reserved 11648K
}
Event: 1.235 GC heap before
{Heap before GC invocations=39 (full 0):
 def new generation   total 4928K, used 4594K [0x04800000, 0x04d50000, 0x09d50000)
  eden space 4416K, 100% used [0x04800000, 0x04c50000, 0x04c50000)
  from space 512K,  34% used [0x04cd0000, 0x04cfc938, 0x04d50000)
  to   space 512K,   0% used [0x04c50000, 0x04c50000, 0x04cd0000)
 tenured generation   total 10944K, used 5205K [0x09d50000, 0x0a800000, 0x14800000)
   the space 10944K,  47% used [0x09d50000, 0x0a265738, 0x0a265800, 0x0a800000)
 Metaspace       used 10857K, capacity 11056K, committed 11136K, reserved 11648K
Event: 1.236 GC heap after
Heap after GC invocations=40 (full 0):
 def new generation   total 4928K, used 96K [0x04800000, 0x04d50000, 0x09d50000)
  eden space 4416K,   0% used [0x04800000, 0x04800000, 0x04c50000)
  from space 512K,  18% used [0x04c50000, 0x04c68148, 0x04cd0000)
  to   space 512K,   0% used [0x04cd0000, 0x04cd0000, 0x04d50000)
 tenured generation   total 10944K, used 5205K [0x09d50000, 0x0a800000, 0x14800000)
   the space 10944K,  47% used [0x09d50000, 0x0a265738, 0x0a265800, 0x0a800000)
 Metaspace       used 10857K, capacity 11056K, committed 11136K, reserved 11648K
}
Event: 1.271 GC heap before
{Heap before GC invocations=40 (full 0):
 def new generation   total 4928K, used 4512K [0x04800000, 0x04d50000, 0x09d50000)
  eden space 4416K, 100% used [0x04800000, 0x04c50000, 0x04c50000)
  from space 512K,  18% used [0x04c50000, 0x04c68148, 0x04cd0000)
  to   space 512K,   0% used [0x04cd0000, 0x04cd0000, 0x04d50000)
 tenured generation   total 10944K, used 5205K [0x09d50000, 0x0a800000, 0x14800000)
   the space 10944K,  47% used [0x09d50000, 0x0a265738, 0x0a265800, 0x0a800000)
 Metaspace       used 10857K, capacity 11056K, committed 11136K, reserved 11648K
Event: 1.271 GC heap after
Heap after GC invocations=41 (full 0):
 def new generation   total 4928K, used 79K [0x04800000, 0x04d50000, 0x09d50000)
  eden space 4416K,   0% used [0x04800000, 0x04800000, 0x04c50000)
  from space 512K,  15% used [0x04cd0000, 0x04ce3fc0, 0x04d50000)
  to   space 512K,   0% used [0x04c50000, 0x04c50000, 0x04cd0000)
 tenured generation   total 10944K, used 5205K [0x09d50000, 0x0a800000, 0x14800000)
   the space 10944K,  47% used [0x09d50000, 0x0a265738, 0x0a265800, 0x0a800000)
 Metaspace       used 10857K, capacity 11056K, committed 11136K, reserved 11648K
}
Event: 1.305 GC heap before
{Heap before GC invocations=41 (full 0):
 def new generation   total 4928K, used 4495K [0x04800000, 0x04d50000, 0x09d50000)
  eden space 4416K, 100% used [0x04800000, 0x04c50000, 0x04c50000)
  from space 512K,  15% used [0x04cd0000, 0x04ce3fc0, 0x04d50000)
  to   space 512K,   0% used [0x04c50000, 0x04c50000, 0x04cd0000)
 tenured generation   total 10944K, used 5205K [0x09d50000, 0x0a800000, 0x14800000)
   the space 10944K,  47% used [0x09d50000, 0x0a265738, 0x0a265800, 0x0a800000)
 Metaspace       used 10878K, capacity 11088K, committed 11136K, reserved 11648K
Event: 1.306 GC heap after
Heap after GC invocations=42 (full 0):
 def new generation   total 4928K, used 100K [0x04800000, 0x04d50000, 0x09d50000)
  eden space 4416K,   0% used [0x04800000, 0x04800000, 0x04c50000)
  from space 512K,  19% used [0x04c50000, 0x04c69120, 0x04cd0000)
  to   space 512K,   0% used [0x04cd0000, 0x04cd0000, 0x04d50000)
 tenured generation   total 10944K, used 5205K [0x09d50000, 0x0a800000, 0x14800000)
   the space 10944K,  47% used [0x09d50000, 0x0a265738, 0x0a265800, 0x0a800000)
 Metaspace       used 10878K, capacity 11088K, committed 11136K, reserved 11648K
}

